{"/Users/faizan.ahmed/Documents/h2s-virtual/src/constants/index.js": {"path":"/Users/faizan.ahmed/Documents/h2s-virtual/src/constants/index.js","statementMap":{"0":{"start":{"line":13,"column":25},"end":{"line":19,"column":null}},"1":{"start":{"line":26,"column":32},"end":{"line":35,"column":null}},"2":{"start":{"line":41,"column":28},"end":{"line":47,"column":null}},"3":{"start":{"line":54,"column":30},"end":{"line":59,"column":null}},"4":{"start":{"line":67,"column":30},"end":{"line":98,"column":null}},"5":{"start":{"line":105,"column":30},"end":{"line":110,"column":null}},"6":{"start":{"line":113,"column":32},"end":{"line":113,"column":null}},"7":{"start":{"line":116,"column":34},"end":{"line":116,"column":null}},"8":{"start":{"line":119,"column":36},"end":{"line":119,"column":null}},"9":{"start":{"line":122,"column":31},"end":{"line":122,"column":null}}},"fnMap":{},"branchMap":{},"s":{"0":6,"1":6,"2":6,"3":6,"4":6,"5":6,"6":6,"7":6,"8":6,"9":6},"f":{},"b":{},"meta":{"lastBranch":0,"lastFunction":0,"lastStatement":10,"seen":{"s:13:25:19:Infinity":0,"s:26:32:35:Infinity":1,"s:41:28:47:Infinity":2,"s:54:30:59:Infinity":3,"s:67:30:98:Infinity":4,"s:105:30:110:Infinity":5,"s:113:32:113:Infinity":6,"s:116:34:116:Infinity":7,"s:119:36:119:Infinity":8,"s:122:31:122:Infinity":9}}}
,"/Users/faizan.ahmed/Documents/h2s-virtual/src/hooks/useAudio.js": {"path":"/Users/faizan.ahmed/Documents/h2s-virtual/src/hooks/useAudio.js","statementMap":{"0":{"start":{"line":29,"column":6},"end":{"line":29,"column":null}},"1":{"start":{"line":31,"column":8},"end":{"line":54,"column":35}},"2":{"start":{"line":32,"column":4},"end":{"line":52,"column":null}},"3":{"start":{"line":33,"column":23},"end":{"line":33,"column":null}},"4":{"start":{"line":34,"column":18},"end":{"line":34,"column":32}},"5":{"start":{"line":35,"column":25},"end":{"line":35,"column":47}},"6":{"start":{"line":36,"column":23},"end":{"line":36,"column":39}},"7":{"start":{"line":38,"column":6},"end":{"line":38,"column":null}},"8":{"start":{"line":39,"column":6},"end":{"line":39,"column":null}},"9":{"start":{"line":40,"column":6},"end":{"line":40,"column":null}},"10":{"start":{"line":42,"column":6},"end":{"line":42,"column":null}},"11":{"start":{"line":43,"column":6},"end":{"line":43,"column":null}},"12":{"start":{"line":44,"column":6},"end":{"line":44,"column":null}},"13":{"start":{"line":46,"column":6},"end":{"line":49,"column":null}},"14":{"start":{"line":47,"column":8},"end":{"line":47,"column":null}},"15":{"start":{"line":48,"column":8},"end":{"line":48,"column":null}},"16":{"start":{"line":52,"column":6},"end":{"line":52,"column":null}},"17":{"start":{"line":56,"column":2},"end":{"line":56,"column":null}}},"fnMap":{"0":{"name":"useAudio","decl":{"start":{"line":24,"column":16},"end":{"line":24,"column":25}},"loc":{"start":{"line":24,"column":39},"end":{"line":56,"column":null}},"line":24},"1":{"name":"(anonymous_1)","decl":{"start":{"line":31,"column":19},"end":{"line":31,"column":37}},"loc":{"start":{"line":31,"column":37},"end":{"line":54,"column":6}},"line":31},"2":{"name":"(anonymous_2)","decl":{"start":{"line":46,"column":6},"end":{"line":46,"column":23}},"loc":{"start":{"line":46,"column":23},"end":{"line":49,"column":18}},"line":46}},"branchMap":{"0":{"loc":{"start":{"line":24,"column":25},"end":{"line":24,"column":37}},"type":"default-arg","locations":[{"start":{"line":24,"column":35},"end":{"line":24,"column":37}}],"line":24},"1":{"loc":{"start":{"line":26,"column":4},"end":{"line":26,"column":null}},"type":"default-arg","locations":[{"start":{"line":26,"column":16},"end":{"line":26,"column":null}}],"line":26},"2":{"loc":{"start":{"line":27,"column":4},"end":{"line":27,"column":null}},"type":"default-arg","locations":[{"start":{"line":27,"column":15},"end":{"line":27,"column":null}}],"line":27},"3":{"loc":{"start":{"line":28,"column":4},"end":{"line":28,"column":null}},"type":"default-arg","locations":[{"start":{"line":28,"column":13},"end":{"line":28,"column":null}}],"line":28},"4":{"loc":{"start":{"line":33,"column":23},"end":{"line":33,"column":null}},"type":"binary-expr","locations":[{"start":{"line":33,"column":23},"end":{"line":33,"column":46}},{"start":{"line":33,"column":46},"end":{"line":33,"column":null}}],"line":33}},"s":{"0":4,"1":4,"2":3,"3":3,"4":3,"5":3,"6":3,"7":3,"8":3,"9":3,"10":3,"11":3,"12":3,"13":3,"14":1,"15":1,"16":2,"17":4},"f":{"0":4,"1":3,"2":1},"b":{"0":[4],"1":[4],"2":[4],"3":[4],"4":[3,1]},"meta":{"lastBranch":5,"lastFunction":3,"lastStatement":18,"seen":{"f:24:16:24:25":0,"b:24:35:24:37":0,"s:29:6:29:Infinity":0,"b:26:16:26:Infinity":1,"b:27:15:27:Infinity":2,"b:28:13:28:Infinity":3,"s:31:8:54:35":1,"f:31:19:31:37":1,"s:32:4:52:Infinity":2,"s:33:23:33:Infinity":3,"b:33:23:33:46:33:46:33:Infinity":4,"s:34:18:34:32":4,"s:35:25:35:47":5,"s:36:23:36:39":6,"s:38:6:38:Infinity":7,"s:39:6:39:Infinity":8,"s:40:6:40:Infinity":9,"s:42:6:42:Infinity":10,"s:43:6:43:Infinity":11,"s:44:6:44:Infinity":12,"s:46:6:49:Infinity":13,"f:46:6:46:23":2,"s:47:8:47:Infinity":14,"s:48:8:48:Infinity":15,"s:52:6:52:Infinity":16,"s:56:2:56:Infinity":17}}}
,"/Users/faizan.ahmed/Documents/h2s-virtual/src/lib/firebase.js": {"path":"/Users/faizan.ahmed/Documents/h2s-virtual/src/lib/firebase.js","statementMap":{"0":{"start":{"line":13,"column":23},"end":{"line":21,"column":null}},"1":{"start":{"line":24,"column":13},"end":{"line":24,"column":null}},"2":{"start":{"line":24,"column":42},"end":{"line":24,"column":null}},"3":{"start":{"line":30,"column":0},"end":{"line":42,"column":null}},"4":{"start":{"line":31,"column":2},"end":{"line":39,"column":null}},"5":{"start":{"line":32,"column":4},"end":{"line":32,"column":null}},"6":{"start":{"line":33,"column":4},"end":{"line":33,"column":null}},"7":{"start":{"line":35,"column":4},"end":{"line":36,"column":null}},"8":{"start":{"line":36,"column":6},"end":{"line":36,"column":null}},"9":{"start":{"line":39,"column":4},"end":{"line":39,"column":null}},"10":{"start":{"line":42,"column":2},"end":{"line":42,"column":null}},"11":{"start":{"line":53,"column":30},"end":{"line":67,"column":null}},"12":{"start":{"line":54,"column":2},"end":{"line":56,"column":null}},"13":{"start":{"line":55,"column":4},"end":{"line":55,"column":null}},"14":{"start":{"line":56,"column":4},"end":{"line":56,"column":null}},"15":{"start":{"line":59,"column":2},"end":{"line":67,"column":null}},"16":{"start":{"line":60,"column":19},"end":{"line":63,"column":6}},"17":{"start":{"line":64,"column":4},"end":{"line":64,"column":null}},"18":{"start":{"line":66,"column":4},"end":{"line":66,"column":null}},"19":{"start":{"line":67,"column":4},"end":{"line":67,"column":null}},"20":{"start":{"line":77,"column":13},"end":{"line":86,"column":null}},"21":{"start":{"line":78,"column":2},"end":{"line":80,"column":null}},"22":{"start":{"line":79,"column":4},"end":{"line":79,"column":null}},"23":{"start":{"line":80,"column":4},"end":{"line":80,"column":null}},"24":{"start":{"line":83,"column":2},"end":{"line":86,"column":null}},"25":{"start":{"line":84,"column":4},"end":{"line":84,"column":null}},"26":{"start":{"line":86,"column":4},"end":{"line":86,"column":null}}},"fnMap":{"0":{"name":"(anonymous_0)","decl":{"start":{"line":24,"column":13},"end":{"line":24,"column":42}},"loc":{"start":{"line":24,"column":42},"end":{"line":24,"column":null}},"line":24},"1":{"name":"(anonymous_1)","decl":{"start":{"line":53,"column":30},"end":{"line":53,"column":37}},"loc":{"start":{"line":53,"column":62},"end":{"line":67,"column":null}},"line":53},"2":{"name":"(anonymous_2)","decl":{"start":{"line":77,"column":13},"end":{"line":77,"column":27}},"loc":{"start":{"line":77,"column":54},"end":{"line":86,"column":null}},"line":77}},"branchMap":{"0":{"loc":{"start":{"line":31,"column":2},"end":{"line":39,"column":null}},"type":"if","locations":[{"start":{"line":31,"column":2},"end":{"line":39,"column":null}},{"start":{"line":38,"column":9},"end":{"line":39,"column":null}}],"line":31},"1":{"loc":{"start":{"line":35,"column":4},"end":{"line":36,"column":null}},"type":"if","locations":[{"start":{"line":35,"column":4},"end":{"line":36,"column":null}},{"start":{},"end":{}}],"line":35},"2":{"loc":{"start":{"line":54,"column":2},"end":{"line":56,"column":null}},"type":"if","locations":[{"start":{"line":54,"column":2},"end":{"line":56,"column":null}},{"start":{},"end":{}}],"line":54},"3":{"loc":{"start":{"line":54,"column":6},"end":{"line":54,"column":38}},"type":"binary-expr","locations":[{"start":{"line":54,"column":6},"end":{"line":54,"column":29}},{"start":{"line":54,"column":33},"end":{"line":54,"column":38}}],"line":54},"4":{"loc":{"start":{"line":77,"column":38},"end":{"line":77,"column":49}},"type":"default-arg","locations":[{"start":{"line":77,"column":47},"end":{"line":77,"column":49}}],"line":77},"5":{"loc":{"start":{"line":78,"column":2},"end":{"line":80,"column":null}},"type":"if","locations":[{"start":{"line":78,"column":2},"end":{"line":80,"column":null}},{"start":{},"end":{}}],"line":78},"6":{"loc":{"start":{"line":78,"column":6},"end":{"line":78,"column":45}},"type":"binary-expr","locations":[{"start":{"line":78,"column":6},"end":{"line":78,"column":29}},{"start":{"line":78,"column":33},"end":{"line":78,"column":45}}],"line":78}},"s":{"0":2,"1":2,"2":10,"3":2,"4":2,"5":1,"6":1,"7":1,"8":1,"9":1,"10":0,"11":2,"12":3,"13":1,"14":1,"15":2,"16":2,"17":1,"18":1,"19":1,"20":2,"21":3,"22":1,"23":1,"24":2,"25":2,"26":1},"f":{"0":10,"1":3,"2":3},"b":{"0":[1,1],"1":[1,0],"2":[1,2],"3":[3,2],"4":[3],"5":[1,2],"6":[3,2]},"meta":{"lastBranch":7,"lastFunction":3,"lastStatement":27,"seen":{"s:13:23:21:Infinity":0,"s:24:13:24:Infinity":1,"f:24:13:24:42":0,"s:24:42:24:Infinity":2,"s:30:0:42:Infinity":3,"b:31:2:39:Infinity:38:9:39:Infinity":0,"s:31:2:39:Infinity":4,"s:32:4:32:Infinity":5,"s:33:4:33:Infinity":6,"b:35:4:36:Infinity:undefined:undefined:undefined:undefined":1,"s:35:4:36:Infinity":7,"s:36:6:36:Infinity":8,"s:39:4:39:Infinity":9,"s:42:2:42:Infinity":10,"s:53:30:67:Infinity":11,"f:53:30:53:37":1,"b:54:2:56:Infinity:undefined:undefined:undefined:undefined":2,"s:54:2:56:Infinity":12,"b:54:6:54:29:54:33:54:38":3,"s:55:4:55:Infinity":13,"s:56:4:56:Infinity":14,"s:59:2:67:Infinity":15,"s:60:19:63:6":16,"s:64:4:64:Infinity":17,"s:66:4:66:Infinity":18,"s:67:4:67:Infinity":19,"s:77:13:86:Infinity":20,"f:77:13:77:27":2,"b:77:47:77:49":4,"b:78:2:80:Infinity:undefined:undefined:undefined:undefined":5,"s:78:2:80:Infinity":21,"b:78:6:78:29:78:33:78:45":6,"s:79:4:79:Infinity":22,"s:80:4:80:Infinity":23,"s:83:2:86:Infinity":24,"s:84:4:84:Infinity":25,"s:86:4:86:Infinity":26}}}
,"/Users/faizan.ahmed/Documents/h2s-virtual/src/lib/gemini.js": {"path":"/Users/faizan.ahmed/Documents/h2s-virtual/src/lib/gemini.js","statementMap":{"0":{"start":{"line":18,"column":16},"end":{"line":18,"column":null}},"1":{"start":{"line":21,"column":15},"end":{"line":21,"column":null}},"2":{"start":{"line":29,"column":2},"end":{"line":29,"column":null}},"3":{"start":{"line":29,"column":16},"end":{"line":29,"column":null}},"4":{"start":{"line":30,"column":2},"end":{"line":31,"column":null}},"5":{"start":{"line":31,"column":4},"end":{"line":31,"column":null}},"6":{"start":{"line":33,"column":2},"end":{"line":33,"column":null}},"7":{"start":{"line":40,"column":31},"end":{"line":40,"column":null}},"8":{"start":{"line":50,"column":26},"end":{"line":50,"column":null}},"9":{"start":{"line":63,"column":24},"end":{"line":63,"column":null}},"10":{"start":{"line":74,"column":18},"end":{"line":74,"column":null}},"11":{"start":{"line":76,"column":2},"end":{"line":81,"column":null}},"12":{"start":{"line":77,"column":4},"end":{"line":81,"column":null}},"13":{"start":{"line":78,"column":6},"end":{"line":78,"column":null}},"14":{"start":{"line":80,"column":6},"end":{"line":80,"column":null}},"15":{"start":{"line":81,"column":6},"end":{"line":81,"column":null}},"16":{"start":{"line":85,"column":2},"end":{"line":85,"column":null}},"17":{"start":{"line":102,"column":17},"end":{"line":102,"column":30}},"18":{"start":{"line":103,"column":2},"end":{"line":104,"column":null}},"19":{"start":{"line":104,"column":4},"end":{"line":104,"column":null}},"20":{"start":{"line":107,"column":2},"end":{"line":127,"column":null}},"21":{"start":{"line":108,"column":21},"end":{"line":119,"column":null}},"22":{"start":{"line":114,"column":35},"end":{"line":117,"column":9}},"23":{"start":{"line":121,"column":21},"end":{"line":124,"column":6}},"24":{"start":{"line":126,"column":4},"end":{"line":126,"column":null}},"25":{"start":{"line":146,"column":17},"end":{"line":146,"column":30}},"26":{"start":{"line":147,"column":2},"end":{"line":148,"column":null}},"27":{"start":{"line":148,"column":4},"end":{"line":148,"column":null}},"28":{"start":{"line":151,"column":2},"end":{"line":177,"column":null}},"29":{"start":{"line":152,"column":19},"end":{"line":152,"column":null}},"30":{"start":{"line":154,"column":21},"end":{"line":157,"column":6}},"31":{"start":{"line":159,"column":17},"end":{"line":159,"column":null}},"32":{"start":{"line":162,"column":4},"end":{"line":167,"column":null}},"33":{"start":{"line":163,"column":24},"end":{"line":163,"column":49}},"34":{"start":{"line":164,"column":6},"end":{"line":165,"column":null}},"35":{"start":{"line":165,"column":8},"end":{"line":165,"column":null}},"36":{"start":{"line":171,"column":4},"end":{"line":176,"column":null}},"37":{"start":{"line":185,"column":2},"end":{"line":185,"column":null}}},"fnMap":{"0":{"name":"getAIClient","decl":{"start":{"line":28,"column":9},"end":{"line":28,"column":23}},"loc":{"start":{"line":28,"column":23},"end":{"line":33,"column":null}},"line":28},"1":{"name":"callWithFallback","decl":{"start":{"line":73,"column":15},"end":{"line":73,"column":32}},"loc":{"start":{"line":73,"column":41},"end":{"line":85,"column":null}},"line":73},"2":{"name":"chatWithSaarthi","decl":{"start":{"line":101,"column":22},"end":{"line":101,"column":38}},"loc":{"start":{"line":101,"column":69},"end":{"line":127,"column":null}},"line":101},"3":{"name":"(anonymous_3)","decl":{"start":{"line":107,"column":26},"end":{"line":107,"column":33}},"loc":{"start":{"line":107,"column":47},"end":{"line":127,"column":null}},"line":107},"4":{"name":"(anonymous_4)","decl":{"start":{"line":114,"column":21},"end":{"line":114,"column":26}},"loc":{"start":{"line":114,"column":35},"end":{"line":117,"column":9}},"line":114},"5":{"name":"checkMCCViolation","decl":{"start":{"line":145,"column":22},"end":{"line":145,"column":40}},"loc":{"start":{"line":145,"column":50},"end":{"line":177,"column":null}},"line":145},"6":{"name":"(anonymous_6)","decl":{"start":{"line":151,"column":26},"end":{"line":151,"column":33}},"loc":{"start":{"line":151,"column":47},"end":{"line":177,"column":null}},"line":151},"7":{"name":"isAPIKeyConfigured","decl":{"start":{"line":184,"column":16},"end":{"line":184,"column":37}},"loc":{"start":{"line":184,"column":37},"end":{"line":185,"column":null}},"line":184}},"branchMap":{"0":{"loc":{"start":{"line":18,"column":16},"end":{"line":18,"column":null}},"type":"binary-expr","locations":[{"start":{"line":18,"column":16},"end":{"line":18,"column":55}},{"start":{"line":18,"column":55},"end":{"line":18,"column":null}}],"line":18},"1":{"loc":{"start":{"line":29,"column":2},"end":{"line":29,"column":null}},"type":"if","locations":[{"start":{"line":29,"column":2},"end":{"line":29,"column":null}},{"start":{},"end":{}}],"line":29},"2":{"loc":{"start":{"line":30,"column":2},"end":{"line":31,"column":null}},"type":"if","locations":[{"start":{"line":30,"column":2},"end":{"line":31,"column":null}},{"start":{},"end":{}}],"line":30},"3":{"loc":{"start":{"line":85,"column":8},"end":{"line":85,"column":83}},"type":"binary-expr","locations":[{"start":{"line":85,"column":8},"end":{"line":85,"column":21}},{"start":{"line":85,"column":21},"end":{"line":85,"column":83}}],"line":85},"4":{"loc":{"start":{"line":101,"column":51},"end":{"line":101,"column":67}},"type":"default-arg","locations":[{"start":{"line":101,"column":65},"end":{"line":101,"column":67}}],"line":101},"5":{"loc":{"start":{"line":103,"column":2},"end":{"line":104,"column":null}},"type":"if","locations":[{"start":{"line":103,"column":2},"end":{"line":104,"column":null}},{"start":{},"end":{}}],"line":103},"6":{"loc":{"start":{"line":115,"column":14},"end":{"line":115,"column":null}},"type":"cond-expr","locations":[{"start":{"line":115,"column":41},"end":{"line":115,"column":51}},{"start":{"line":115,"column":51},"end":{"line":115,"column":null}}],"line":115},"7":{"loc":{"start":{"line":147,"column":2},"end":{"line":148,"column":null}},"type":"if","locations":[{"start":{"line":147,"column":2},"end":{"line":148,"column":null}},{"start":{},"end":{}}],"line":147},"8":{"loc":{"start":{"line":164,"column":6},"end":{"line":165,"column":null}},"type":"if","locations":[{"start":{"line":164,"column":6},"end":{"line":165,"column":null}},{"start":{},"end":{}}],"line":164}},"s":{"0":2,"1":2,"2":7,"3":4,"4":3,"5":1,"6":3,"7":2,"8":2,"9":2,"10":5,"11":5,"12":7,"13":7,"14":3,"15":3,"16":1,"17":4,"18":4,"19":1,"20":3,"21":5,"22":2,"23":5,"24":2,"25":3,"26":3,"27":1,"28":2,"29":2,"30":2,"31":2,"32":2,"33":2,"34":2,"35":1,"36":1,"37":1},"f":{"0":7,"1":5,"2":4,"3":5,"4":2,"5":3,"6":2,"7":1},"b":{"0":[2,1],"1":[4,3],"2":[1,2],"3":[1,0],"4":[4],"5":[1,3],"6":[1,1],"7":[1,2],"8":[1,1]},"meta":{"lastBranch":9,"lastFunction":8,"lastStatement":38,"seen":{"s:18:16:18:Infinity":0,"b:18:16:18:55:18:55:18:Infinity":0,"s:21:15:21:Infinity":1,"f:28:9:28:23":0,"b:29:2:29:Infinity:undefined:undefined:undefined:undefined":1,"s:29:2:29:Infinity":2,"s:29:16:29:Infinity":3,"b:30:2:31:Infinity:undefined:undefined:undefined:undefined":2,"s:30:2:31:Infinity":4,"s:31:4:31:Infinity":5,"s:33:2:33:Infinity":6,"s:40:31:40:Infinity":7,"s:50:26:50:Infinity":8,"s:63:24:63:Infinity":9,"f:73:15:73:32":1,"s:74:18:74:Infinity":10,"s:76:2:81:Infinity":11,"s:77:4:81:Infinity":12,"s:78:6:78:Infinity":13,"s:80:6:80:Infinity":14,"s:81:6:81:Infinity":15,"s:85:2:85:Infinity":16,"b:85:8:85:21:85:21:85:83":3,"f:101:22:101:38":2,"b:101:65:101:67":4,"s:102:17:102:30":17,"b:103:2:104:Infinity:undefined:undefined:undefined:undefined":5,"s:103:2:104:Infinity":18,"s:104:4:104:Infinity":19,"s:107:2:127:Infinity":20,"f:107:26:107:33":3,"s:108:21:119:Infinity":21,"f:114:21:114:26":4,"s:114:35:117:9":22,"b:115:41:115:51:115:51:115:Infinity":6,"s:121:21:124:6":23,"s:126:4:126:Infinity":24,"f:145:22:145:40":5,"s:146:17:146:30":25,"b:147:2:148:Infinity:undefined:undefined:undefined:undefined":7,"s:147:2:148:Infinity":26,"s:148:4:148:Infinity":27,"s:151:2:177:Infinity":28,"f:151:26:151:33":6,"s:152:19:152:Infinity":29,"s:154:21:157:6":30,"s:159:17:159:Infinity":31,"s:162:4:167:Infinity":32,"s:163:24:163:49":33,"b:164:6:165:Infinity:undefined:undefined:undefined:undefined":8,"s:164:6:165:Infinity":34,"s:165:8:165:Infinity":35,"s:171:4:176:Infinity":36,"f:184:16:184:37":7,"s:185:2:185:Infinity":37}}}
,"/Users/faizan.ahmed/Documents/h2s-virtual/src/pages/AskSaarthiPage.jsx": {"path":"/Users/faizan.ahmed/Documents/h2s-virtual/src/pages/AskSaarthiPage.jsx","statementMap":{"0":{"start":{"line":16,"column":6},"end":{"line":202,"column":null}},"1":{"start":{"line":17,"column":19},"end":{"line":22,"column":4}},"2":{"start":{"line":23,"column":16},"end":{"line":23,"column":40}},"3":{"start":{"line":24,"column":18},"end":{"line":24,"column":47}},"4":{"start":{"line":25,"column":8},"end":{"line":25,"column":37}},"5":{"start":{"line":26,"column":8},"end":{"line":26,"column":37}},"6":{"start":{"line":29,"column":2},"end":{"line":31,"column":null}},"7":{"start":{"line":30,"column":4},"end":{"line":30,"column":null}},"8":{"start":{"line":34,"column":2},"end":{"line":36,"column":null}},"9":{"start":{"line":35,"column":4},"end":{"line":35,"column":null}},"10":{"start":{"line":41,"column":25},"end":{"line":58,"column":null}},"11":{"start":{"line":42,"column":16},"end":{"line":42,"column":null}},"12":{"start":{"line":43,"column":4},"end":{"line":43,"column":null}},"13":{"start":{"line":43,"column":27},"end":{"line":43,"column":null}},"14":{"start":{"line":46,"column":4},"end":{"line":50,"column":null}},"15":{"start":{"line":47,"column":22},"end":{"line":47,"column":31}},"16":{"start":{"line":48,"column":6},"end":{"line":48,"column":null}},"17":{"start":{"line":49,"column":6},"end":{"line":49,"column":null}},"18":{"start":{"line":53,"column":4},"end":{"line":57,"column":null}},"19":{"start":{"line":58,"column":4},"end":{"line":58,"column":null}},"20":{"start":{"line":65,"column":21},"end":{"line":89,"column":null}},"21":{"start":{"line":66,"column":16},"end":{"line":66,"column":36}},"22":{"start":{"line":67,"column":4},"end":{"line":67,"column":null}},"23":{"start":{"line":67,"column":25},"end":{"line":67,"column":null}},"24":{"start":{"line":69,"column":20},"end":{"line":69,"column":null}},"25":{"start":{"line":70,"column":4},"end":{"line":70,"column":null}},"26":{"start":{"line":70,"column":26},"end":{"line":70,"column":44}},"27":{"start":{"line":71,"column":4},"end":{"line":71,"column":null}},"28":{"start":{"line":72,"column":4},"end":{"line":72,"column":null}},"29":{"start":{"line":73,"column":4},"end":{"line":73,"column":null}},"30":{"start":{"line":75,"column":4},"end":{"line":89,"column":null}},"31":{"start":{"line":76,"column":22},"end":{"line":76,"column":65}},"32":{"start":{"line":76,"column":45},"end":{"line":76,"column":65}},"33":{"start":{"line":77,"column":20},"end":{"line":77,"column":55}},"34":{"start":{"line":78,"column":6},"end":{"line":78,"column":null}},"35":{"start":{"line":78,"column":28},"end":{"line":78,"column":73}},"36":{"start":{"line":79,"column":6},"end":{"line":79,"column":null}},"37":{"start":{"line":81,"column":22},"end":{"line":81,"column":84}},"38":{"start":{"line":82,"column":27},"end":{"line":84,"column":null}},"39":{"start":{"line":86,"column":6},"end":{"line":86,"column":null}},"40":{"start":{"line":86,"column":28},"end":{"line":86,"column":80}},"41":{"start":{"line":87,"column":6},"end":{"line":87,"column":null}},"42":{"start":{"line":89,"column":6},"end":{"line":89,"column":null}},"43":{"start":{"line":97,"column":8},"end":{"line":99,"column":null}},"44":{"start":{"line":98,"column":4},"end":{"line":98,"column":null}},"45":{"start":{"line":99,"column":4},"end":{"line":99,"column":null}},"46":{"start":{"line":102,"column":2},"end":{"line":202,"column":null}},"47":{"start":{"line":120,"column":10},"end":{"line":164,"column":null}},"48":{"start":{"line":143,"column":37},"end":{"line":143,"column":60}},"49":{"start":{"line":151,"column":37},"end":{"line":151,"column":61}},"50":{"start":{"line":180,"column":12},"end":{"line":182,"column":null}},"51":{"start":{"line":180,"column":71},"end":{"line":180,"column":84}},"52":{"start":{"line":195,"column":27},"end":{"line":195,"column":51}}},"fnMap":{"0":{"name":"(anonymous_0)","decl":{"start":{"line":16,"column":6},"end":{"line":16,"column":29}},"loc":{"start":{"line":16,"column":29},"end":{"line":202,"column":null}},"line":16},"1":{"name":"(anonymous_1)","decl":{"start":{"line":29,"column":2},"end":{"line":29,"column":18}},"loc":{"start":{"line":29,"column":18},"end":{"line":31,"column":6}},"line":29},"2":{"name":"(anonymous_2)","decl":{"start":{"line":34,"column":2},"end":{"line":34,"column":18}},"loc":{"start":{"line":34,"column":18},"end":{"line":36,"column":7}},"line":34},"3":{"name":"(anonymous_3)","decl":{"start":{"line":41,"column":25},"end":{"line":41,"column":32}},"loc":{"start":{"line":41,"column":60},"end":{"line":58,"column":null}},"line":41},"4":{"name":"(anonymous_4)","decl":{"start":{"line":46,"column":4},"end":{"line":46,"column":17}},"loc":{"start":{"line":46,"column":26},"end":{"line":50,"column":null}},"line":46},"5":{"name":"(anonymous_5)","decl":{"start":{"line":65,"column":21},"end":{"line":65,"column":28}},"loc":{"start":{"line":65,"column":37},"end":{"line":89,"column":null}},"line":65},"6":{"name":"(anonymous_6)","decl":{"start":{"line":70,"column":4},"end":{"line":70,"column":17}},"loc":{"start":{"line":70,"column":26},"end":{"line":70,"column":44}},"line":70},"7":{"name":"(anonymous_7)","decl":{"start":{"line":76,"column":31},"end":{"line":76,"column":39}},"loc":{"start":{"line":76,"column":45},"end":{"line":76,"column":65}},"line":76},"8":{"name":"(anonymous_8)","decl":{"start":{"line":78,"column":6},"end":{"line":78,"column":19}},"loc":{"start":{"line":78,"column":28},"end":{"line":78,"column":73}},"line":78},"9":{"name":"(anonymous_9)","decl":{"start":{"line":86,"column":6},"end":{"line":86,"column":19}},"loc":{"start":{"line":86,"column":28},"end":{"line":86,"column":80}},"line":86},"10":{"name":"(anonymous_10)","decl":{"start":{"line":97,"column":8},"end":{"line":97,"column":24}},"loc":{"start":{"line":97,"column":30},"end":{"line":99,"column":null}},"line":97},"11":{"name":"(anonymous_11)","decl":{"start":{"line":119,"column":18},"end":{"line":119,"column":23}},"loc":{"start":{"line":120,"column":10},"end":{"line":164,"column":null}},"line":120},"12":{"name":"(anonymous_12)","decl":{"start":{"line":143,"column":22},"end":{"line":143,"column":37}},"loc":{"start":{"line":143,"column":37},"end":{"line":143,"column":60}},"line":143},"13":{"name":"(anonymous_13)","decl":{"start":{"line":151,"column":22},"end":{"line":151,"column":37}},"loc":{"start":{"line":151,"column":37},"end":{"line":151,"column":61}},"line":151},"14":{"name":"(anonymous_14)","decl":{"start":{"line":179,"column":28},"end":{"line":179,"column":33}},"loc":{"start":{"line":180,"column":12},"end":{"line":182,"column":null}},"line":180},"15":{"name":"(anonymous_15)","decl":{"start":{"line":180,"column":56},"end":{"line":180,"column":71}},"loc":{"start":{"line":180,"column":71},"end":{"line":180,"column":84}},"line":180},"16":{"name":"(anonymous_16)","decl":{"start":{"line":195,"column":10},"end":{"line":195,"column":21}},"loc":{"start":{"line":195,"column":27},"end":{"line":195,"column":51}},"line":195}},"branchMap":{"0":{"loc":{"start":{"line":43,"column":4},"end":{"line":43,"column":null}},"type":"if","locations":[{"start":{"line":43,"column":4},"end":{"line":43,"column":null}},{"start":{},"end":{}}],"line":43},"1":{"loc":{"start":{"line":54,"column":16},"end":{"line":54,"column":null}},"type":"binary-expr","locations":[{"start":{"line":54,"column":16},"end":{"line":54,"column":52}},{"start":{"line":54,"column":52},"end":{"line":54,"column":null}}],"line":54},"2":{"loc":{"start":{"line":66,"column":16},"end":{"line":66,"column":36}},"type":"binary-expr","locations":[{"start":{"line":66,"column":16},"end":{"line":66,"column":24}},{"start":{"line":66,"column":24},"end":{"line":66,"column":36}}],"line":66},"3":{"loc":{"start":{"line":67,"column":4},"end":{"line":67,"column":null}},"type":"if","locations":[{"start":{"line":67,"column":4},"end":{"line":67,"column":null}},{"start":{},"end":{}}],"line":67},"4":{"loc":{"start":{"line":67,"column":8},"end":{"line":67,"column":25}},"type":"binary-expr","locations":[{"start":{"line":67,"column":8},"end":{"line":67,"column":16}},{"start":{"line":67,"column":16},"end":{"line":67,"column":25}}],"line":67},"5":{"loc":{"start":{"line":81,"column":22},"end":{"line":81,"column":84}},"type":"binary-expr","locations":[{"start":{"line":81,"column":22},"end":{"line":81,"column":50}},{"start":{"line":81,"column":54},"end":{"line":81,"column":84}}],"line":81},"6":{"loc":{"start":{"line":82,"column":27},"end":{"line":84,"column":null}},"type":"cond-expr","locations":[{"start":{"line":83,"column":10},"end":{"line":83,"column":null}},{"start":{"line":84,"column":10},"end":{"line":84,"column":null}}],"line":82},"7":{"loc":{"start":{"line":111,"column":7},"end":{"line":114,"column":null}},"type":"binary-expr","locations":[{"start":{"line":111,"column":7},"end":{"line":111,"column":null}},{"start":{"line":112,"column":8},"end":{"line":114,"column":null}}],"line":111},"8":{"loc":{"start":{"line":125,"column":26},"end":{"line":125,"column":null}},"type":"cond-expr","locations":[{"start":{"line":125,"column":46},"end":{"line":125,"column":59}},{"start":{"line":125,"column":59},"end":{"line":125,"column":null}}],"line":125},"9":{"loc":{"start":{"line":129,"column":13},"end":{"line":162,"column":null}},"type":"binary-expr","locations":[{"start":{"line":129,"column":13},"end":{"line":129,"column":39}},{"start":{"line":129,"column":39},"end":{"line":129,"column":48}},{"start":{"line":129,"column":48},"end":{"line":129,"column":76}},{"start":{"line":130,"column":14},"end":{"line":162,"column":null}}],"line":129},"10":{"loc":{"start":{"line":139,"column":17},"end":{"line":160,"column":null}},"type":"cond-expr","locations":[{"start":{"line":140,"column":18},"end":{"line":158,"column":null}},{"start":{"line":160,"column":18},"end":{"line":160,"column":null}}],"line":139},"11":{"loc":{"start":{"line":166,"column":9},"end":{"line":171,"column":null}},"type":"binary-expr","locations":[{"start":{"line":166,"column":9},"end":{"line":166,"column":null}},{"start":{"line":167,"column":10},"end":{"line":171,"column":null}}],"line":166},"12":{"loc":{"start":{"line":177,"column":7},"end":{"line":184,"column":null}},"type":"binary-expr","locations":[{"start":{"line":177,"column":7},"end":{"line":177,"column":null}},{"start":{"line":178,"column":8},"end":{"line":184,"column":null}}],"line":177},"13":{"loc":{"start":{"line":200,"column":62},"end":{"line":200,"column":86}},"type":"binary-expr","locations":[{"start":{"line":200,"column":62},"end":{"line":200,"column":73}},{"start":{"line":200,"column":73},"end":{"line":200,"column":86}}],"line":200}},"s":{"0":1,"1":17,"2":17,"3":17,"4":17,"5":17,"6":17,"7":14,"8":17,"9":5,"10":17,"11":1,"12":1,"13":0,"14":1,"15":1,"16":1,"17":1,"18":1,"19":1,"20":17,"21":4,"22":4,"23":0,"24":4,"25":4,"26":4,"27":4,"28":4,"29":4,"30":4,"31":4,"32":4,"33":4,"34":3,"35":3,"36":3,"37":1,"38":1,"39":1,"40":1,"41":1,"42":4,"43":17,"44":3,"45":3,"46":17,"47":31,"48":1,"49":0,"50":64,"51":1,"52":3},"f":{"0":17,"1":14,"2":5,"3":1,"4":1,"5":4,"6":4,"7":4,"8":3,"9":1,"10":3,"11":31,"12":1,"13":0,"14":64,"15":1,"16":3},"b":{"0":[0,1],"1":[1,0],"2":[4,3],"3":[0,4],"4":[4,4],"5":[1,1],"6":[0,1],"7":[17,0],"8":[9,22],"9":[31,22,5,4],"10":[3,1],"11":[17,4],"12":[17,8],"13":[17,13]},"meta":{"lastBranch":14,"lastFunction":17,"lastStatement":53,"seen":{"s:16:6:202:Infinity":0,"f:16:6:16:29":0,"s:17:19:22:4":1,"s:23:16:23:40":2,"s:24:18:24:47":3,"s:25:8:25:37":4,"s:26:8:26:37":5,"s:29:2:31:Infinity":6,"f:29:2:29:18":1,"s:30:4:30:Infinity":7,"s:34:2:36:Infinity":8,"f:34:2:34:18":2,"s:35:4:35:Infinity":9,"s:41:25:58:Infinity":10,"f:41:25:41:32":3,"s:42:16:42:Infinity":11,"b:43:4:43:Infinity:undefined:undefined:undefined:undefined":0,"s:43:4:43:Infinity":12,"s:43:27:43:Infinity":13,"s:46:4:50:Infinity":14,"f:46:4:46:17":4,"s:47:22:47:31":15,"s:48:6:48:Infinity":16,"s:49:6:49:Infinity":17,"s:53:4:57:Infinity":18,"b:54:16:54:52:54:52:54:Infinity":1,"s:58:4:58:Infinity":19,"s:65:21:89:Infinity":20,"f:65:21:65:28":5,"s:66:16:66:36":21,"b:66:16:66:24:66:24:66:36":2,"b:67:4:67:Infinity:undefined:undefined:undefined:undefined":3,"s:67:4:67:Infinity":22,"b:67:8:67:16:67:16:67:25":4,"s:67:25:67:Infinity":23,"s:69:20:69:Infinity":24,"s:70:4:70:Infinity":25,"f:70:4:70:17":6,"s:70:26:70:44":26,"s:71:4:71:Infinity":27,"s:72:4:72:Infinity":28,"s:73:4:73:Infinity":29,"s:75:4:89:Infinity":30,"s:76:22:76:65":31,"f:76:31:76:39":7,"s:76:45:76:65":32,"s:77:20:77:55":33,"s:78:6:78:Infinity":34,"f:78:6:78:19":8,"s:78:28:78:73":35,"s:79:6:79:Infinity":36,"s:81:22:81:84":37,"b:81:22:81:50:81:54:81:84":5,"s:82:27:84:Infinity":38,"b:83:10:83:Infinity:84:10:84:Infinity":6,"s:86:6:86:Infinity":39,"f:86:6:86:19":9,"s:86:28:86:80":40,"s:87:6:87:Infinity":41,"s:89:6:89:Infinity":42,"s:97:8:99:Infinity":43,"f:97:8:97:24":10,"s:98:4:98:Infinity":44,"s:99:4:99:Infinity":45,"s:102:2:202:Infinity":46,"b:111:7:111:Infinity:112:8:114:Infinity":7,"f:119:18:119:23":11,"s:120:10:164:Infinity":47,"b:125:46:125:59:125:59:125:Infinity":8,"b:129:13:129:39:129:39:129:48:129:48:129:76:130:14:162:Infinity":9,"b:140:18:158:Infinity:160:18:160:Infinity":10,"f:143:22:143:37":12,"s:143:37:143:60":48,"f:151:22:151:37":13,"s:151:37:151:61":49,"b:166:9:166:Infinity:167:10:171:Infinity":11,"b:177:7:177:Infinity:178:8:184:Infinity":12,"f:179:28:179:33":14,"s:180:12:182:Infinity":50,"f:180:56:180:71":15,"s:180:71:180:84":51,"f:195:10:195:21":16,"s:195:27:195:51":52,"b:200:62:200:73:200:73:200:86":13}}}
,"/Users/faizan.ahmed/Documents/h2s-virtual/src/pages/EVMSimulatorPage.jsx": {"path":"/Users/faizan.ahmed/Documents/h2s-virtual/src/pages/EVMSimulatorPage.jsx","statementMap":{"0":{"start":{"line":15,"column":6},"end":{"line":127,"column":null}},"1":{"start":{"line":16,"column":19},"end":{"line":16,"column":48}},"2":{"start":{"line":17,"column":21},"end":{"line":17,"column":53}},"3":{"start":{"line":18,"column":19},"end":{"line":18,"column":48}},"4":{"start":{"line":19,"column":10},"end":{"line":19,"column":33}},"5":{"start":{"line":26,"column":8},"end":{"line":40,"column":null}},"6":{"start":{"line":28,"column":4},"end":{"line":28,"column":null}},"7":{"start":{"line":28,"column":27},"end":{"line":28,"column":null}},"8":{"start":{"line":30,"column":4},"end":{"line":30,"column":null}},"9":{"start":{"line":31,"column":4},"end":{"line":31,"column":null}},"10":{"start":{"line":32,"column":4},"end":{"line":32,"column":null}},"11":{"start":{"line":35,"column":4},"end":{"line":35,"column":null}},"12":{"start":{"line":38,"column":4},"end":{"line":40,"column":null}},"13":{"start":{"line":39,"column":6},"end":{"line":39,"column":null}},"14":{"start":{"line":46,"column":8},"end":{"line":49,"column":null}},"15":{"start":{"line":47,"column":4},"end":{"line":47,"column":null}},"16":{"start":{"line":48,"column":4},"end":{"line":48,"column":null}},"17":{"start":{"line":49,"column":4},"end":{"line":49,"column":null}},"18":{"start":{"line":52,"column":2},"end":{"line":127,"column":null}},"19":{"start":{"line":68,"column":14},"end":{"line":91,"column":null}},"20":{"start":{"line":85,"column":35},"end":{"line":85,"column":48}}},"fnMap":{"0":{"name":"(anonymous_0)","decl":{"start":{"line":15,"column":6},"end":{"line":15,"column":31}},"loc":{"start":{"line":15,"column":31},"end":{"line":127,"column":null}},"line":15},"1":{"name":"(anonymous_1)","decl":{"start":{"line":26,"column":8},"end":{"line":26,"column":22}},"loc":{"start":{"line":26,"column":36},"end":{"line":40,"column":null}},"line":26},"2":{"name":"(anonymous_2)","decl":{"start":{"line":38,"column":4},"end":{"line":38,"column":21}},"loc":{"start":{"line":38,"column":21},"end":{"line":40,"column":24}},"line":38},"3":{"name":"(anonymous_3)","decl":{"start":{"line":46,"column":8},"end":{"line":46,"column":31}},"loc":{"start":{"line":46,"column":31},"end":{"line":49,"column":null}},"line":46},"4":{"name":"(anonymous_4)","decl":{"start":{"line":67,"column":28},"end":{"line":67,"column":33}},"loc":{"start":{"line":68,"column":14},"end":{"line":91,"column":null}},"line":68},"5":{"name":"(anonymous_5)","decl":{"start":{"line":85,"column":20},"end":{"line":85,"column":35}},"loc":{"start":{"line":85,"column":35},"end":{"line":85,"column":48}},"line":85}},"branchMap":{"0":{"loc":{"start":{"line":28,"column":4},"end":{"line":28,"column":null}},"type":"if","locations":[{"start":{"line":28,"column":4},"end":{"line":28,"column":null}},{"start":{},"end":{}}],"line":28},"1":{"loc":{"start":{"line":80,"column":44},"end":{"line":80,"column":null}},"type":"cond-expr","locations":[{"start":{"line":80,"column":64},"end":{"line":80,"column":75}},{"start":{"line":80,"column":75},"end":{"line":80,"column":null}}],"line":80},"2":{"loc":{"start":{"line":100,"column":13},"end":{"line":110,"column":null}},"type":"binary-expr","locations":[{"start":{"line":100,"column":13},"end":{"line":100,"column":null}},{"start":{"line":101,"column":14},"end":{"line":110,"column":null}}],"line":100},"3":{"loc":{"start":{"line":102,"column":41},"end":{"line":102,"column":null}},"type":"cond-expr","locations":[{"start":{"line":102,"column":54},"end":{"line":102,"column":67}},{"start":{"line":102,"column":67},"end":{"line":102,"column":null}}],"line":102},"4":{"loc":{"start":{"line":103,"column":34},"end":{"line":103,"column":64}},"type":"cond-expr","locations":[{"start":{"line":103,"column":47},"end":{"line":103,"column":56}},{"start":{"line":103,"column":56},"end":{"line":103,"column":64}}],"line":103},"5":{"loc":{"start":{"line":117,"column":7},"end":{"line":127,"column":null}},"type":"binary-expr","locations":[{"start":{"line":117,"column":7},"end":{"line":117,"column":19}},{"start":{"line":117,"column":19},"end":{"line":117,"column":null}},{"start":{"line":118,"column":8},"end":{"line":127,"column":null}}],"line":117}},"s":{"0":1,"1":10,"2":10,"3":10,"4":10,"5":10,"6":3,"7":0,"8":3,"9":3,"10":3,"11":3,"12":3,"13":2,"14":10,"15":1,"16":1,"17":1,"18":10,"19":40,"20":3},"f":{"0":10,"1":3,"2":2,"3":1,"4":40,"5":3},"b":{"0":[0,3],"1":[5,35],"2":[10,5],"3":[3,2],"4":[3,2],"5":[10,5,2]},"meta":{"lastBranch":6,"lastFunction":6,"lastStatement":21,"seen":{"s:15:6:127:Infinity":0,"f:15:6:15:31":0,"s:16:19:16:48":1,"s:17:21:17:53":2,"s:18:19:18:48":3,"s:19:10:19:33":4,"s:26:8:40:Infinity":5,"f:26:8:26:22":1,"b:28:4:28:Infinity:undefined:undefined:undefined:undefined":0,"s:28:4:28:Infinity":6,"s:28:27:28:Infinity":7,"s:30:4:30:Infinity":8,"s:31:4:31:Infinity":9,"s:32:4:32:Infinity":10,"s:35:4:35:Infinity":11,"s:38:4:40:Infinity":12,"f:38:4:38:21":2,"s:39:6:39:Infinity":13,"s:46:8:49:Infinity":14,"f:46:8:46:31":3,"s:47:4:47:Infinity":15,"s:48:4:48:Infinity":16,"s:49:4:49:Infinity":17,"s:52:2:127:Infinity":18,"f:67:28:67:33":4,"s:68:14:91:Infinity":19,"b:80:64:80:75:80:75:80:Infinity":1,"f:85:20:85:35":5,"s:85:35:85:48":20,"b:100:13:100:Infinity:101:14:110:Infinity":2,"b:102:54:102:67:102:67:102:Infinity":3,"b:103:47:103:56:103:56:103:64":4,"b:117:7:117:19:117:19:117:Infinity:118:8:127:Infinity":5}}}
,"/Users/faizan.ahmed/Documents/h2s-virtual/src/pages/HomePage.jsx": {"path":"/Users/faizan.ahmed/Documents/h2s-virtual/src/pages/HomePage.jsx","statementMap":{"0":{"start":{"line":14,"column":6},"end":{"line":92,"column":null}},"1":{"start":{"line":15,"column":2},"end":{"line":92,"column":null}},"2":{"start":{"line":43,"column":10},"end":{"line":46,"column":null}}},"fnMap":{"0":{"name":"(anonymous_0)","decl":{"start":{"line":14,"column":6},"end":{"line":14,"column":23}},"loc":{"start":{"line":14,"column":23},"end":{"line":92,"column":null}},"line":14},"1":{"name":"(anonymous_1)","decl":{"start":{"line":42,"column":24},"end":{"line":42,"column":29}},"loc":{"start":{"line":43,"column":10},"end":{"line":46,"column":null}},"line":43}},"branchMap":{},"s":{"0":1,"1":1,"2":4},"f":{"0":1,"1":4},"b":{},"meta":{"lastBranch":0,"lastFunction":2,"lastStatement":3,"seen":{"s:14:6:92:Infinity":0,"f:14:6:14:23":0,"s:15:2:92:Infinity":1,"f:42:24:42:29":1,"s:43:10:46:Infinity":2}}}
,"/Users/faizan.ahmed/Documents/h2s-virtual/src/pages/MCCCheckerPage.jsx": {"path":"/Users/faizan.ahmed/Documents/h2s-virtual/src/pages/MCCCheckerPage.jsx","statementMap":{"0":{"start":{"line":16,"column":6},"end":{"line":196,"column":null}},"1":{"start":{"line":17,"column":19},"end":{"line":17,"column":46}},"2":{"start":{"line":18,"column":17},"end":{"line":18,"column":44}},"3":{"start":{"line":19,"column":18},"end":{"line":19,"column":47}},"4":{"start":{"line":20,"column":8},"end":{"line":20,"column":37}},"5":{"start":{"line":23,"column":2},"end":{"line":25,"column":null}},"6":{"start":{"line":24,"column":4},"end":{"line":24,"column":null}},"7":{"start":{"line":30,"column":22},"end":{"line":52,"column":null}},"8":{"start":{"line":31,"column":4},"end":{"line":31,"column":null}},"9":{"start":{"line":31,"column":37},"end":{"line":31,"column":null}},"10":{"start":{"line":32,"column":4},"end":{"line":32,"column":null}},"11":{"start":{"line":33,"column":4},"end":{"line":33,"column":null}},"12":{"start":{"line":34,"column":4},"end":{"line":34,"column":null}},"13":{"start":{"line":36,"column":4},"end":{"line":52,"column":null}},"14":{"start":{"line":37,"column":18},"end":{"line":37,"column":51}},"15":{"start":{"line":38,"column":6},"end":{"line":38,"column":null}},"16":{"start":{"line":39,"column":6},"end":{"line":39,"column":null}},"17":{"start":{"line":42,"column":6},"end":{"line":47,"column":null}},"18":{"start":{"line":49,"column":6},"end":{"line":49,"column":null}},"19":{"start":{"line":50,"column":6},"end":{"line":50,"column":null}},"20":{"start":{"line":52,"column":6},"end":{"line":52,"column":null}},"21":{"start":{"line":62,"column":8},"end":{"line":67,"column":null}},"22":{"start":{"line":63,"column":4},"end":{"line":63,"column":null}},"23":{"start":{"line":63,"column":16},"end":{"line":63,"column":null}},"24":{"start":{"line":64,"column":4},"end":{"line":67,"column":null}},"25":{"start":{"line":72,"column":2},"end":{"line":196,"column":null}},"26":{"start":{"line":97,"column":27},"end":{"line":97,"column":54}},"27":{"start":{"line":133,"column":12},"end":{"line":143,"column":null}},"28":{"start":{"line":137,"column":16},"end":{"line":137,"column":null}},"29":{"start":{"line":138,"column":16},"end":{"line":138,"column":null}}},"fnMap":{"0":{"name":"(anonymous_0)","decl":{"start":{"line":16,"column":6},"end":{"line":16,"column":29}},"loc":{"start":{"line":16,"column":29},"end":{"line":196,"column":null}},"line":16},"1":{"name":"(anonymous_1)","decl":{"start":{"line":23,"column":2},"end":{"line":23,"column":18}},"loc":{"start":{"line":23,"column":18},"end":{"line":25,"column":7}},"line":23},"2":{"name":"(anonymous_2)","decl":{"start":{"line":30,"column":22},"end":{"line":30,"column":34}},"loc":{"start":{"line":30,"column":34},"end":{"line":52,"column":null}},"line":30},"3":{"name":"(anonymous_3)","decl":{"start":{"line":62,"column":8},"end":{"line":62,"column":24}},"loc":{"start":{"line":62,"column":41},"end":{"line":67,"column":null}},"line":62},"4":{"name":"(anonymous_4)","decl":{"start":{"line":97,"column":10},"end":{"line":97,"column":21}},"loc":{"start":{"line":97,"column":27},"end":{"line":97,"column":54}},"line":97},"5":{"name":"(anonymous_5)","decl":{"start":{"line":132,"column":24},"end":{"line":132,"column":29}},"loc":{"start":{"line":133,"column":12},"end":{"line":143,"column":null}},"line":133},"6":{"name":"(anonymous_6)","decl":{"start":{"line":136,"column":14},"end":{"line":136,"column":29}},"loc":{"start":{"line":136,"column":29},"end":{"line":138,"column":null}},"line":136}},"branchMap":{"0":{"loc":{"start":{"line":31,"column":4},"end":{"line":31,"column":null}},"type":"if","locations":[{"start":{"line":31,"column":4},"end":{"line":31,"column":null}},{"start":{},"end":{}}],"line":31},"1":{"loc":{"start":{"line":31,"column":8},"end":{"line":31,"column":37}},"type":"binary-expr","locations":[{"start":{"line":31,"column":8},"end":{"line":31,"column":24}},{"start":{"line":31,"column":28},"end":{"line":31,"column":37}}],"line":31},"2":{"loc":{"start":{"line":63,"column":4},"end":{"line":63,"column":null}},"type":"if","locations":[{"start":{"line":63,"column":4},"end":{"line":63,"column":null}},{"start":{},"end":{}}],"line":63},"3":{"loc":{"start":{"line":82,"column":7},"end":{"line":85,"column":null}},"type":"binary-expr","locations":[{"start":{"line":82,"column":7},"end":{"line":82,"column":null}},{"start":{"line":83,"column":8},"end":{"line":85,"column":null}}],"line":82},"4":{"loc":{"start":{"line":114,"column":22},"end":{"line":114,"column":49}},"type":"binary-expr","locations":[{"start":{"line":114,"column":22},"end":{"line":114,"column":33}},{"start":{"line":114,"column":33},"end":{"line":114,"column":49}}],"line":114},"5":{"loc":{"start":{"line":117,"column":13},"end":{"line":123,"column":null}},"type":"cond-expr","locations":[{"start":{"line":118,"column":14},"end":{"line":121,"column":null}},{"start":{"line":123,"column":14},"end":{"line":123,"column":null}}],"line":117},"6":{"loc":{"start":{"line":148,"column":7},"end":{"line":182,"column":null}},"type":"binary-expr","locations":[{"start":{"line":148,"column":7},"end":{"line":148,"column":17}},{"start":{"line":148,"column":17},"end":{"line":148,"column":null}},{"start":{"line":149,"column":8},"end":{"line":182,"column":null}}],"line":148},"7":{"loc":{"start":{"line":150,"column":35},"end":{"line":150,"column":null}},"type":"cond-expr","locations":[{"start":{"line":150,"column":57},"end":{"line":150,"column":71}},{"start":{"line":150,"column":71},"end":{"line":150,"column":null}}],"line":150},"8":{"loc":{"start":{"line":156,"column":21},"end":{"line":156,"column":null}},"type":"cond-expr","locations":[{"start":{"line":156,"column":43},"end":{"line":156,"column":58}},{"start":{"line":156,"column":58},"end":{"line":156,"column":null}}],"line":156},"9":{"loc":{"start":{"line":162,"column":13},"end":{"line":162,"column":null}},"type":"cond-expr","locations":[{"start":{"line":162,"column":35},"end":{"line":162,"column":65}},{"start":{"line":162,"column":65},"end":{"line":162,"column":null}}],"line":162},"10":{"loc":{"start":{"line":163,"column":13},"end":{"line":173,"column":null}},"type":"binary-expr","locations":[{"start":{"line":163,"column":13},"end":{"line":163,"column":null}},{"start":{"line":164,"column":14},"end":{"line":173,"column":null}}],"line":163},"11":{"loc":{"start":{"line":186,"column":7},"end":{"line":196,"column":null}},"type":"binary-expr","locations":[{"start":{"line":186,"column":7},"end":{"line":186,"column":null}},{"start":{"line":187,"column":8},"end":{"line":196,"column":null}}],"line":186}},"s":{"0":1,"1":12,"2":12,"3":12,"4":12,"5":12,"6":5,"7":12,"8":2,"9":0,"10":2,"11":2,"12":2,"13":2,"14":2,"15":1,"16":1,"17":1,"18":1,"19":1,"20":2,"21":12,"22":5,"23":3,"24":2,"25":12,"26":2,"27":60,"28":1,"29":1},"f":{"0":12,"1":5,"2":2,"3":5,"4":2,"5":60,"6":1},"b":{"0":[0,2],"1":[2,2],"2":[3,2],"3":[12,0],"4":[12,10],"5":[2,10],"6":[12,2,1],"7":[1,0],"8":[1,0],"9":[1,0],"10":[1,1],"11":[12,1]},"meta":{"lastBranch":12,"lastFunction":7,"lastStatement":30,"seen":{"s:16:6:196:Infinity":0,"f:16:6:16:29":0,"s:17:19:17:46":1,"s:18:17:18:44":2,"s:19:18:19:47":3,"s:20:8:20:37":4,"s:23:2:25:Infinity":5,"f:23:2:23:18":1,"s:24:4:24:Infinity":6,"s:30:22:52:Infinity":7,"f:30:22:30:34":2,"b:31:4:31:Infinity:undefined:undefined:undefined:undefined":0,"s:31:4:31:Infinity":8,"b:31:8:31:24:31:28:31:37":1,"s:31:37:31:Infinity":9,"s:32:4:32:Infinity":10,"s:33:4:33:Infinity":11,"s:34:4:34:Infinity":12,"s:36:4:52:Infinity":13,"s:37:18:37:51":14,"s:38:6:38:Infinity":15,"s:39:6:39:Infinity":16,"s:42:6:47:Infinity":17,"s:49:6:49:Infinity":18,"s:50:6:50:Infinity":19,"s:52:6:52:Infinity":20,"s:62:8:67:Infinity":21,"f:62:8:62:24":3,"b:63:4:63:Infinity:undefined:undefined:undefined:undefined":2,"s:63:4:63:Infinity":22,"s:63:16:63:Infinity":23,"s:64:4:67:Infinity":24,"s:72:2:196:Infinity":25,"b:82:7:82:Infinity:83:8:85:Infinity":3,"f:97:10:97:21":4,"s:97:27:97:54":26,"b:114:22:114:33:114:33:114:49":4,"b:118:14:121:Infinity:123:14:123:Infinity":5,"f:132:24:132:29":5,"s:133:12:143:Infinity":27,"f:136:14:136:29":6,"s:137:16:137:Infinity":28,"s:138:16:138:Infinity":29,"b:148:7:148:17:148:17:148:Infinity:149:8:182:Infinity":6,"b:150:57:150:71:150:71:150:Infinity":7,"b:156:43:156:58:156:58:156:Infinity":8,"b:162:35:162:65:162:65:162:Infinity":9,"b:163:13:163:Infinity:164:14:173:Infinity":10,"b:186:7:186:Infinity:187:8:196:Infinity":11}}}
,"/Users/faizan.ahmed/Documents/h2s-virtual/src/pages/MythBusterPage.jsx": {"path":"/Users/faizan.ahmed/Documents/h2s-virtual/src/pages/MythBusterPage.jsx","statementMap":{"0":{"start":{"line":14,"column":6},"end":{"line":68,"column":null}},"1":{"start":{"line":16,"column":19},"end":{"line":16,"column":46}},"2":{"start":{"line":22,"column":8},"end":{"line":23,"column":null}},"3":{"start":{"line":23,"column":4},"end":{"line":23,"column":null}},"4":{"start":{"line":23,"column":27},"end":{"line":23,"column":63}},"5":{"start":{"line":26,"column":2},"end":{"line":68,"column":null}},"6":{"start":{"line":38,"column":29},"end":{"line":38,"column":null}},"7":{"start":{"line":40,"column":10},"end":{"line":65,"column":null}},"8":{"start":{"line":45,"column":31},"end":{"line":45,"column":40}}},"fnMap":{"0":{"name":"(anonymous_0)","decl":{"start":{"line":14,"column":6},"end":{"line":14,"column":29}},"loc":{"start":{"line":14,"column":29},"end":{"line":68,"column":null}},"line":14},"1":{"name":"(anonymous_1)","decl":{"start":{"line":22,"column":8},"end":{"line":22,"column":18}},"loc":{"start":{"line":22,"column":28},"end":{"line":23,"column":null}},"line":22},"2":{"name":"(anonymous_2)","decl":{"start":{"line":23,"column":4},"end":{"line":23,"column":17}},"loc":{"start":{"line":23,"column":27},"end":{"line":23,"column":63}},"line":23},"3":{"name":"(anonymous_3)","decl":{"start":{"line":37,"column":24},"end":{"line":37,"column":29}},"loc":{"start":{"line":37,"column":41},"end":{"line":65,"column":null}},"line":37},"4":{"name":"(anonymous_4)","decl":{"start":{"line":45,"column":16},"end":{"line":45,"column":31}},"loc":{"start":{"line":45,"column":31},"end":{"line":45,"column":40}},"line":45}},"branchMap":{"0":{"loc":{"start":{"line":44,"column":51},"end":{"line":44,"column":null}},"type":"cond-expr","locations":[{"start":{"line":44,"column":64},"end":{"line":44,"column":77}},{"start":{"line":44,"column":77},"end":{"line":44,"column":null}}],"line":44},"1":{"loc":{"start":{"line":52,"column":17},"end":{"line":55,"column":null}},"type":"binary-expr","locations":[{"start":{"line":52,"column":17},"end":{"line":52,"column":null}},{"start":{"line":53,"column":18},"end":{"line":55,"column":null}}],"line":52}},"s":{"0":1,"1":5,"2":5,"3":2,"4":2,"5":5,"6":30,"7":30,"8":2},"f":{"0":5,"1":2,"2":2,"3":30,"4":2},"b":{"0":[2,28],"1":[30,28]},"meta":{"lastBranch":2,"lastFunction":5,"lastStatement":9,"seen":{"s:14:6:68:Infinity":0,"f:14:6:14:29":0,"s:16:19:16:46":1,"s:22:8:23:Infinity":2,"f:22:8:22:18":1,"s:23:4:23:Infinity":3,"f:23:4:23:17":2,"s:23:27:23:63":4,"s:26:2:68:Infinity":5,"f:37:24:37:29":3,"s:38:29:38:Infinity":6,"s:40:10:65:Infinity":7,"b:44:64:44:77:44:77:44:Infinity":0,"f:45:16:45:31":4,"s:45:31:45:40":8,"b:52:17:52:Infinity:53:18:55:Infinity":1}}}
}
