{"/Users/faizan.ahmed/Documents/h2s-virtual/src/components/ChatMessage.jsx": {"path":"/Users/faizan.ahmed/Documents/h2s-virtual/src/components/ChatMessage.jsx","statementMap":{"0":{"start":{"line":13,"column":6},"end":{"line":63,"column":null}},"1":{"start":{"line":14,"column":2},"end":{"line":20,"column":null}},"2":{"start":{"line":15,"column":4},"end":{"line":20,"column":null}},"3":{"start":{"line":25,"column":40},"end":{"line":25,"column":null}},"4":{"start":{"line":27,"column":2},"end":{"line":63,"column":null}},"5":{"start":{"line":44,"column":31},"end":{"line":44,"column":47}},"6":{"start":{"line":52,"column":31},"end":{"line":52,"column":48}},"7":{"start":{"line":69,"column":0},"end":{"line":78,"column":null}}},"fnMap":{"0":{"name":"(anonymous_0)","decl":{"start":{"line":13,"column":6},"end":{"line":13,"column":21}},"loc":{"start":{"line":13,"column":90},"end":{"line":63,"column":null}},"line":13},"1":{"name":"(anonymous_1)","decl":{"start":{"line":44,"column":16},"end":{"line":44,"column":31}},"loc":{"start":{"line":44,"column":31},"end":{"line":44,"column":47}},"line":44},"2":{"name":"(anonymous_2)","decl":{"start":{"line":52,"column":16},"end":{"line":52,"column":31}},"loc":{"start":{"line":52,"column":31},"end":{"line":52,"column":48}},"line":52}},"branchMap":{"0":{"loc":{"start":{"line":13,"column":32},"end":{"line":13,"column":51}},"type":"default-arg","locations":[{"start":{"line":13,"column":44},"end":{"line":13,"column":51}}],"line":13},"1":{"loc":{"start":{"line":13,"column":51},"end":{"line":13,"column":73}},"type":"default-arg","locations":[{"start":{"line":13,"column":66},"end":{"line":13,"column":73}}],"line":13},"2":{"loc":{"start":{"line":14,"column":2},"end":{"line":20,"column":null}},"type":"if","locations":[{"start":{"line":14,"column":2},"end":{"line":20,"column":null}},{"start":{},"end":{}}],"line":14},"3":{"loc":{"start":{"line":33,"column":20},"end":{"line":33,"column":null}},"type":"cond-expr","locations":[{"start":{"line":33,"column":38},"end":{"line":33,"column":51}},{"start":{"line":33,"column":51},"end":{"line":33,"column":null}}],"line":33},"4":{"loc":{"start":{"line":38,"column":7},"end":{"line":63,"column":null}},"type":"binary-expr","locations":[{"start":{"line":38,"column":7},"end":{"line":38,"column":31}},{"start":{"line":38,"column":31},"end":{"line":38,"column":47}},{"start":{"line":38,"column":47},"end":{"line":38,"column":73}},{"start":{"line":39,"column":8},"end":{"line":63,"column":null}}],"line":38},"5":{"loc":{"start":{"line":40,"column":11},"end":{"line":61,"column":null}},"type":"cond-expr","locations":[{"start":{"line":41,"column":12},"end":{"line":59,"column":null}},{"start":{"line":61,"column":12},"end":{"line":61,"column":null}}],"line":40}},"s":{"0":1,"1":35,"2":4,"3":31,"4":31,"5":1,"6":0,"7":1},"f":{"0":35,"1":1,"2":0},"b":{"0":[35],"1":[35],"2":[4,31],"3":[9,22],"4":[35,22,5,4],"5":[3,1]},"meta":{"lastBranch":6,"lastFunction":3,"lastStatement":8,"seen":{"s:13:6:63:Infinity":0,"f:13:6:13:21":0,"b:13:44:13:51":0,"b:13:66:13:73":1,"b:14:2:20:Infinity:undefined:undefined:undefined:undefined":2,"s:14:2:20:Infinity":1,"s:15:4:20:Infinity":2,"s:25:40:25:Infinity":3,"s:27:2:63:Infinity":4,"b:33:38:33:51:33:51:33:Infinity":3,"b:38:7:38:31:38:31:38:47:38:47:38:73:39:8:63:Infinity":4,"b:41:12:59:Infinity:61:12:61:Infinity":5,"f:44:16:44:31":1,"s:44:31:44:47":5,"f:52:16:52:31":2,"s:52:31:52:48":6,"s:69:0:78:Infinity":7}}}
,"/Users/faizan.ahmed/Documents/h2s-virtual/src/constants/index.js": {"path":"/Users/faizan.ahmed/Documents/h2s-virtual/src/constants/index.js","statementMap":{"0":{"start":{"line":13,"column":25},"end":{"line":20,"column":null}},"1":{"start":{"line":27,"column":32},"end":{"line":36,"column":null}},"2":{"start":{"line":42,"column":28},"end":{"line":48,"column":null}},"3":{"start":{"line":55,"column":30},"end":{"line":60,"column":null}},"4":{"start":{"line":68,"column":30},"end":{"line":99,"column":null}},"5":{"start":{"line":106,"column":30},"end":{"line":111,"column":null}},"6":{"start":{"line":114,"column":32},"end":{"line":114,"column":null}},"7":{"start":{"line":117,"column":34},"end":{"line":117,"column":null}},"8":{"start":{"line":120,"column":36},"end":{"line":120,"column":null}},"9":{"start":{"line":123,"column":31},"end":{"line":123,"column":null}}},"fnMap":{},"branchMap":{},"s":{"0":6,"1":6,"2":6,"3":6,"4":6,"5":6,"6":6,"7":6,"8":6,"9":6},"f":{},"b":{},"meta":{"lastBranch":0,"lastFunction":0,"lastStatement":10,"seen":{"s:13:25:20:Infinity":0,"s:27:32:36:Infinity":1,"s:42:28:48:Infinity":2,"s:55:30:60:Infinity":3,"s:68:30:99:Infinity":4,"s:106:30:111:Infinity":5,"s:114:32:114:Infinity":6,"s:117:34:117:Infinity":7,"s:120:36:120:Infinity":8,"s:123:31:123:Infinity":9}}}
,"/Users/faizan.ahmed/Documents/h2s-virtual/src/hooks/useAudio.js": {"path":"/Users/faizan.ahmed/Documents/h2s-virtual/src/hooks/useAudio.js","statementMap":{"0":{"start":{"line":29,"column":6},"end":{"line":29,"column":null}},"1":{"start":{"line":31,"column":8},"end":{"line":54,"column":35}},"2":{"start":{"line":32,"column":4},"end":{"line":52,"column":null}},"3":{"start":{"line":33,"column":23},"end":{"line":33,"column":null}},"4":{"start":{"line":34,"column":18},"end":{"line":34,"column":32}},"5":{"start":{"line":35,"column":25},"end":{"line":35,"column":47}},"6":{"start":{"line":36,"column":23},"end":{"line":36,"column":39}},"7":{"start":{"line":38,"column":6},"end":{"line":38,"column":null}},"8":{"start":{"line":39,"column":6},"end":{"line":39,"column":null}},"9":{"start":{"line":40,"column":6},"end":{"line":40,"column":null}},"10":{"start":{"line":42,"column":6},"end":{"line":42,"column":null}},"11":{"start":{"line":43,"column":6},"end":{"line":43,"column":null}},"12":{"start":{"line":44,"column":6},"end":{"line":44,"column":null}},"13":{"start":{"line":46,"column":6},"end":{"line":49,"column":null}},"14":{"start":{"line":47,"column":8},"end":{"line":47,"column":null}},"15":{"start":{"line":48,"column":8},"end":{"line":48,"column":null}},"16":{"start":{"line":52,"column":6},"end":{"line":52,"column":null}},"17":{"start":{"line":56,"column":2},"end":{"line":56,"column":null}}},"fnMap":{"0":{"name":"useAudio","decl":{"start":{"line":24,"column":16},"end":{"line":24,"column":25}},"loc":{"start":{"line":24,"column":39},"end":{"line":56,"column":null}},"line":24},"1":{"name":"(anonymous_1)","decl":{"start":{"line":31,"column":19},"end":{"line":31,"column":37}},"loc":{"start":{"line":31,"column":37},"end":{"line":54,"column":6}},"line":31},"2":{"name":"(anonymous_2)","decl":{"start":{"line":46,"column":6},"end":{"line":46,"column":23}},"loc":{"start":{"line":46,"column":23},"end":{"line":49,"column":18}},"line":46}},"branchMap":{"0":{"loc":{"start":{"line":24,"column":25},"end":{"line":24,"column":37}},"type":"default-arg","locations":[{"start":{"line":24,"column":35},"end":{"line":24,"column":37}}],"line":24},"1":{"loc":{"start":{"line":26,"column":4},"end":{"line":26,"column":null}},"type":"default-arg","locations":[{"start":{"line":26,"column":16},"end":{"line":26,"column":null}}],"line":26},"2":{"loc":{"start":{"line":27,"column":4},"end":{"line":27,"column":null}},"type":"default-arg","locations":[{"start":{"line":27,"column":15},"end":{"line":27,"column":null}}],"line":27},"3":{"loc":{"start":{"line":28,"column":4},"end":{"line":28,"column":null}},"type":"default-arg","locations":[{"start":{"line":28,"column":13},"end":{"line":28,"column":null}}],"line":28},"4":{"loc":{"start":{"line":33,"column":23},"end":{"line":33,"column":null}},"type":"binary-expr","locations":[{"start":{"line":33,"column":23},"end":{"line":33,"column":46}},{"start":{"line":33,"column":46},"end":{"line":33,"column":null}}],"line":33}},"s":{"0":4,"1":4,"2":3,"3":3,"4":3,"5":3,"6":3,"7":3,"8":3,"9":3,"10":3,"11":3,"12":3,"13":3,"14":1,"15":1,"16":2,"17":4},"f":{"0":4,"1":3,"2":1},"b":{"0":[4],"1":[4],"2":[4],"3":[4],"4":[3,1]},"meta":{"lastBranch":5,"lastFunction":3,"lastStatement":18,"seen":{"f:24:16:24:25":0,"b:24:35:24:37":0,"s:29:6:29:Infinity":0,"b:26:16:26:Infinity":1,"b:27:15:27:Infinity":2,"b:28:13:28:Infinity":3,"s:31:8:54:35":1,"f:31:19:31:37":1,"s:32:4:52:Infinity":2,"s:33:23:33:Infinity":3,"b:33:23:33:46:33:46:33:Infinity":4,"s:34:18:34:32":4,"s:35:25:35:47":5,"s:36:23:36:39":6,"s:38:6:38:Infinity":7,"s:39:6:39:Infinity":8,"s:40:6:40:Infinity":9,"s:42:6:42:Infinity":10,"s:43:6:43:Infinity":11,"s:44:6:44:Infinity":12,"s:46:6:49:Infinity":13,"f:46:6:46:23":2,"s:47:8:47:Infinity":14,"s:48:8:48:Infinity":15,"s:52:6:52:Infinity":16,"s:56:2:56:Infinity":17}}}
,"/Users/faizan.ahmed/Documents/h2s-virtual/src/lib/firebase.js": {"path":"/Users/faizan.ahmed/Documents/h2s-virtual/src/lib/firebase.js","statementMap":{"0":{"start":{"line":13,"column":23},"end":{"line":21,"column":null}},"1":{"start":{"line":24,"column":13},"end":{"line":24,"column":null}},"2":{"start":{"line":24,"column":42},"end":{"line":24,"column":null}},"3":{"start":{"line":30,"column":0},"end":{"line":42,"column":null}},"4":{"start":{"line":31,"column":2},"end":{"line":39,"column":null}},"5":{"start":{"line":32,"column":4},"end":{"line":32,"column":null}},"6":{"start":{"line":33,"column":4},"end":{"line":33,"column":null}},"7":{"start":{"line":35,"column":4},"end":{"line":36,"column":null}},"8":{"start":{"line":36,"column":6},"end":{"line":36,"column":null}},"9":{"start":{"line":39,"column":4},"end":{"line":39,"column":null}},"10":{"start":{"line":42,"column":2},"end":{"line":42,"column":null}},"11":{"start":{"line":53,"column":30},"end":{"line":67,"column":null}},"12":{"start":{"line":54,"column":2},"end":{"line":56,"column":null}},"13":{"start":{"line":55,"column":4},"end":{"line":55,"column":null}},"14":{"start":{"line":56,"column":4},"end":{"line":56,"column":null}},"15":{"start":{"line":59,"column":2},"end":{"line":67,"column":null}},"16":{"start":{"line":60,"column":19},"end":{"line":63,"column":6}},"17":{"start":{"line":64,"column":4},"end":{"line":64,"column":null}},"18":{"start":{"line":66,"column":4},"end":{"line":66,"column":null}},"19":{"start":{"line":67,"column":4},"end":{"line":67,"column":null}},"20":{"start":{"line":77,"column":13},"end":{"line":86,"column":null}},"21":{"start":{"line":78,"column":2},"end":{"line":80,"column":null}},"22":{"start":{"line":79,"column":4},"end":{"line":79,"column":null}},"23":{"start":{"line":80,"column":4},"end":{"line":80,"column":null}},"24":{"start":{"line":83,"column":2},"end":{"line":86,"column":null}},"25":{"start":{"line":84,"column":4},"end":{"line":84,"column":null}},"26":{"start":{"line":86,"column":4},"end":{"line":86,"column":null}}},"fnMap":{"0":{"name":"(anonymous_0)","decl":{"start":{"line":24,"column":13},"end":{"line":24,"column":42}},"loc":{"start":{"line":24,"column":42},"end":{"line":24,"column":null}},"line":24},"1":{"name":"(anonymous_1)","decl":{"start":{"line":53,"column":30},"end":{"line":53,"column":37}},"loc":{"start":{"line":53,"column":62},"end":{"line":67,"column":null}},"line":53},"2":{"name":"(anonymous_2)","decl":{"start":{"line":77,"column":13},"end":{"line":77,"column":27}},"loc":{"start":{"line":77,"column":54},"end":{"line":86,"column":null}},"line":77}},"branchMap":{"0":{"loc":{"start":{"line":31,"column":2},"end":{"line":39,"column":null}},"type":"if","locations":[{"start":{"line":31,"column":2},"end":{"line":39,"column":null}},{"start":{"line":38,"column":9},"end":{"line":39,"column":null}}],"line":31},"1":{"loc":{"start":{"line":35,"column":4},"end":{"line":36,"column":null}},"type":"if","locations":[{"start":{"line":35,"column":4},"end":{"line":36,"column":null}},{"start":{},"end":{}}],"line":35},"2":{"loc":{"start":{"line":54,"column":2},"end":{"line":56,"column":null}},"type":"if","locations":[{"start":{"line":54,"column":2},"end":{"line":56,"column":null}},{"start":{},"end":{}}],"line":54},"3":{"loc":{"start":{"line":54,"column":6},"end":{"line":54,"column":38}},"type":"binary-expr","locations":[{"start":{"line":54,"column":6},"end":{"line":54,"column":29}},{"start":{"line":54,"column":33},"end":{"line":54,"column":38}}],"line":54},"4":{"loc":{"start":{"line":77,"column":38},"end":{"line":77,"column":49}},"type":"default-arg","locations":[{"start":{"line":77,"column":47},"end":{"line":77,"column":49}}],"line":77},"5":{"loc":{"start":{"line":78,"column":2},"end":{"line":80,"column":null}},"type":"if","locations":[{"start":{"line":78,"column":2},"end":{"line":80,"column":null}},{"start":{},"end":{}}],"line":78},"6":{"loc":{"start":{"line":78,"column":6},"end":{"line":78,"column":45}},"type":"binary-expr","locations":[{"start":{"line":78,"column":6},"end":{"line":78,"column":29}},{"start":{"line":78,"column":33},"end":{"line":78,"column":45}}],"line":78}},"s":{"0":3,"1":3,"2":11,"3":3,"4":3,"5":2,"6":2,"7":2,"8":2,"9":1,"10":0,"11":3,"12":3,"13":1,"14":1,"15":2,"16":2,"17":1,"18":1,"19":1,"20":3,"21":3,"22":1,"23":1,"24":2,"25":2,"26":1},"f":{"0":11,"1":3,"2":3},"b":{"0":[2,1],"1":[2,0],"2":[1,2],"3":[3,2],"4":[3],"5":[1,2],"6":[3,2]},"meta":{"lastBranch":7,"lastFunction":3,"lastStatement":27,"seen":{"s:13:23:21:Infinity":0,"s:24:13:24:Infinity":1,"f:24:13:24:42":0,"s:24:42:24:Infinity":2,"s:30:0:42:Infinity":3,"b:31:2:39:Infinity:38:9:39:Infinity":0,"s:31:2:39:Infinity":4,"s:32:4:32:Infinity":5,"s:33:4:33:Infinity":6,"b:35:4:36:Infinity:undefined:undefined:undefined:undefined":1,"s:35:4:36:Infinity":7,"s:36:6:36:Infinity":8,"s:39:4:39:Infinity":9,"s:42:2:42:Infinity":10,"s:53:30:67:Infinity":11,"f:53:30:53:37":1,"b:54:2:56:Infinity:undefined:undefined:undefined:undefined":2,"s:54:2:56:Infinity":12,"b:54:6:54:29:54:33:54:38":3,"s:55:4:55:Infinity":13,"s:56:4:56:Infinity":14,"s:59:2:67:Infinity":15,"s:60:19:63:6":16,"s:64:4:64:Infinity":17,"s:66:4:66:Infinity":18,"s:67:4:67:Infinity":19,"s:77:13:86:Infinity":20,"f:77:13:77:27":2,"b:77:47:77:49":4,"b:78:2:80:Infinity:undefined:undefined:undefined:undefined":5,"s:78:2:80:Infinity":21,"b:78:6:78:29:78:33:78:45":6,"s:79:4:79:Infinity":22,"s:80:4:80:Infinity":23,"s:83:2:86:Infinity":24,"s:84:4:84:Infinity":25,"s:86:4:86:Infinity":26}}}
,"/Users/faizan.ahmed/Documents/h2s-virtual/src/lib/gemini.js": {"path":"/Users/faizan.ahmed/Documents/h2s-virtual/src/lib/gemini.js","statementMap":{"0":{"start":{"line":18,"column":16},"end":{"line":18,"column":null}},"1":{"start":{"line":21,"column":15},"end":{"line":21,"column":null}},"2":{"start":{"line":29,"column":2},"end":{"line":29,"column":null}},"3":{"start":{"line":29,"column":16},"end":{"line":29,"column":null}},"4":{"start":{"line":30,"column":2},"end":{"line":31,"column":null}},"5":{"start":{"line":31,"column":4},"end":{"line":31,"column":null}},"6":{"start":{"line":33,"column":2},"end":{"line":33,"column":null}},"7":{"start":{"line":40,"column":31},"end":{"line":40,"column":null}},"8":{"start":{"line":50,"column":26},"end":{"line":50,"column":null}},"9":{"start":{"line":63,"column":24},"end":{"line":63,"column":null}},"10":{"start":{"line":74,"column":18},"end":{"line":74,"column":null}},"11":{"start":{"line":76,"column":2},"end":{"line":81,"column":null}},"12":{"start":{"line":77,"column":4},"end":{"line":81,"column":null}},"13":{"start":{"line":78,"column":6},"end":{"line":78,"column":null}},"14":{"start":{"line":80,"column":6},"end":{"line":80,"column":null}},"15":{"start":{"line":81,"column":6},"end":{"line":81,"column":null}},"16":{"start":{"line":85,"column":2},"end":{"line":85,"column":null}},"17":{"start":{"line":102,"column":17},"end":{"line":102,"column":30}},"18":{"start":{"line":103,"column":2},"end":{"line":104,"column":null}},"19":{"start":{"line":104,"column":4},"end":{"line":104,"column":null}},"20":{"start":{"line":107,"column":2},"end":{"line":127,"column":null}},"21":{"start":{"line":108,"column":21},"end":{"line":119,"column":null}},"22":{"start":{"line":114,"column":35},"end":{"line":117,"column":9}},"23":{"start":{"line":121,"column":21},"end":{"line":124,"column":6}},"24":{"start":{"line":126,"column":4},"end":{"line":126,"column":null}},"25":{"start":{"line":146,"column":17},"end":{"line":146,"column":30}},"26":{"start":{"line":147,"column":2},"end":{"line":148,"column":null}},"27":{"start":{"line":148,"column":4},"end":{"line":148,"column":null}},"28":{"start":{"line":151,"column":2},"end":{"line":177,"column":null}},"29":{"start":{"line":152,"column":19},"end":{"line":152,"column":null}},"30":{"start":{"line":154,"column":21},"end":{"line":157,"column":6}},"31":{"start":{"line":159,"column":17},"end":{"line":159,"column":null}},"32":{"start":{"line":162,"column":4},"end":{"line":167,"column":null}},"33":{"start":{"line":163,"column":24},"end":{"line":163,"column":49}},"34":{"start":{"line":164,"column":6},"end":{"line":165,"column":null}},"35":{"start":{"line":165,"column":8},"end":{"line":165,"column":null}},"36":{"start":{"line":171,"column":4},"end":{"line":176,"column":null}},"37":{"start":{"line":185,"column":2},"end":{"line":185,"column":null}}},"fnMap":{"0":{"name":"getAIClient","decl":{"start":{"line":28,"column":9},"end":{"line":28,"column":23}},"loc":{"start":{"line":28,"column":23},"end":{"line":33,"column":null}},"line":28},"1":{"name":"callWithFallback","decl":{"start":{"line":73,"column":15},"end":{"line":73,"column":32}},"loc":{"start":{"line":73,"column":41},"end":{"line":85,"column":null}},"line":73},"2":{"name":"chatWithSaarthi","decl":{"start":{"line":101,"column":22},"end":{"line":101,"column":38}},"loc":{"start":{"line":101,"column":69},"end":{"line":127,"column":null}},"line":101},"3":{"name":"(anonymous_3)","decl":{"start":{"line":107,"column":26},"end":{"line":107,"column":33}},"loc":{"start":{"line":107,"column":47},"end":{"line":127,"column":null}},"line":107},"4":{"name":"(anonymous_4)","decl":{"start":{"line":114,"column":21},"end":{"line":114,"column":26}},"loc":{"start":{"line":114,"column":35},"end":{"line":117,"column":9}},"line":114},"5":{"name":"checkMCCViolation","decl":{"start":{"line":145,"column":22},"end":{"line":145,"column":40}},"loc":{"start":{"line":145,"column":50},"end":{"line":177,"column":null}},"line":145},"6":{"name":"(anonymous_6)","decl":{"start":{"line":151,"column":26},"end":{"line":151,"column":33}},"loc":{"start":{"line":151,"column":47},"end":{"line":177,"column":null}},"line":151},"7":{"name":"isAPIKeyConfigured","decl":{"start":{"line":184,"column":16},"end":{"line":184,"column":37}},"loc":{"start":{"line":184,"column":37},"end":{"line":185,"column":null}},"line":184}},"branchMap":{"0":{"loc":{"start":{"line":18,"column":16},"end":{"line":18,"column":null}},"type":"binary-expr","locations":[{"start":{"line":18,"column":16},"end":{"line":18,"column":55}},{"start":{"line":18,"column":55},"end":{"line":18,"column":null}}],"line":18},"1":{"loc":{"start":{"line":29,"column":2},"end":{"line":29,"column":null}},"type":"if","locations":[{"start":{"line":29,"column":2},"end":{"line":29,"column":null}},{"start":{},"end":{}}],"line":29},"2":{"loc":{"start":{"line":30,"column":2},"end":{"line":31,"column":null}},"type":"if","locations":[{"start":{"line":30,"column":2},"end":{"line":31,"column":null}},{"start":{},"end":{}}],"line":30},"3":{"loc":{"start":{"line":85,"column":8},"end":{"line":85,"column":83}},"type":"binary-expr","locations":[{"start":{"line":85,"column":8},"end":{"line":85,"column":21}},{"start":{"line":85,"column":21},"end":{"line":85,"column":83}}],"line":85},"4":{"loc":{"start":{"line":101,"column":51},"end":{"line":101,"column":67}},"type":"default-arg","locations":[{"start":{"line":101,"column":65},"end":{"line":101,"column":67}}],"line":101},"5":{"loc":{"start":{"line":103,"column":2},"end":{"line":104,"column":null}},"type":"if","locations":[{"start":{"line":103,"column":2},"end":{"line":104,"column":null}},{"start":{},"end":{}}],"line":103},"6":{"loc":{"start":{"line":115,"column":14},"end":{"line":115,"column":null}},"type":"cond-expr","locations":[{"start":{"line":115,"column":41},"end":{"line":115,"column":51}},{"start":{"line":115,"column":51},"end":{"line":115,"column":null}}],"line":115},"7":{"loc":{"start":{"line":147,"column":2},"end":{"line":148,"column":null}},"type":"if","locations":[{"start":{"line":147,"column":2},"end":{"line":148,"column":null}},{"start":{},"end":{}}],"line":147},"8":{"loc":{"start":{"line":164,"column":6},"end":{"line":165,"column":null}},"type":"if","locations":[{"start":{"line":164,"column":6},"end":{"line":165,"column":null}},{"start":{},"end":{}}],"line":164}},"s":{"0":3,"1":3,"2":7,"3":4,"4":3,"5":1,"6":3,"7":3,"8":3,"9":3,"10":5,"11":5,"12":7,"13":7,"14":3,"15":3,"16":1,"17":4,"18":4,"19":1,"20":3,"21":5,"22":2,"23":5,"24":2,"25":3,"26":3,"27":1,"28":2,"29":2,"30":2,"31":2,"32":2,"33":2,"34":2,"35":1,"36":1,"37":1},"f":{"0":7,"1":5,"2":4,"3":5,"4":2,"5":3,"6":2,"7":1},"b":{"0":[3,1],"1":[4,3],"2":[1,2],"3":[1,0],"4":[4],"5":[1,3],"6":[1,1],"7":[1,2],"8":[1,1]},"meta":{"lastBranch":9,"lastFunction":8,"lastStatement":38,"seen":{"s:18:16:18:Infinity":0,"b:18:16:18:55:18:55:18:Infinity":0,"s:21:15:21:Infinity":1,"f:28:9:28:23":0,"b:29:2:29:Infinity:undefined:undefined:undefined:undefined":1,"s:29:2:29:Infinity":2,"s:29:16:29:Infinity":3,"b:30:2:31:Infinity:undefined:undefined:undefined:undefined":2,"s:30:2:31:Infinity":4,"s:31:4:31:Infinity":5,"s:33:2:33:Infinity":6,"s:40:31:40:Infinity":7,"s:50:26:50:Infinity":8,"s:63:24:63:Infinity":9,"f:73:15:73:32":1,"s:74:18:74:Infinity":10,"s:76:2:81:Infinity":11,"s:77:4:81:Infinity":12,"s:78:6:78:Infinity":13,"s:80:6:80:Infinity":14,"s:81:6:81:Infinity":15,"s:85:2:85:Infinity":16,"b:85:8:85:21:85:21:85:83":3,"f:101:22:101:38":2,"b:101:65:101:67":4,"s:102:17:102:30":17,"b:103:2:104:Infinity:undefined:undefined:undefined:undefined":5,"s:103:2:104:Infinity":18,"s:104:4:104:Infinity":19,"s:107:2:127:Infinity":20,"f:107:26:107:33":3,"s:108:21:119:Infinity":21,"f:114:21:114:26":4,"s:114:35:117:9":22,"b:115:41:115:51:115:51:115:Infinity":6,"s:121:21:124:6":23,"s:126:4:126:Infinity":24,"f:145:22:145:40":5,"s:146:17:146:30":25,"b:147:2:148:Infinity:undefined:undefined:undefined:undefined":7,"s:147:2:148:Infinity":26,"s:148:4:148:Infinity":27,"s:151:2:177:Infinity":28,"f:151:26:151:33":6,"s:152:19:152:Infinity":29,"s:154:21:157:6":30,"s:159:17:159:Infinity":31,"s:162:4:167:Infinity":32,"s:163:24:163:49":33,"b:164:6:165:Infinity:undefined:undefined:undefined:undefined":8,"s:164:6:165:Infinity":34,"s:165:8:165:Infinity":35,"s:171:4:176:Infinity":36,"f:184:16:184:37":7,"s:185:2:185:Infinity":37}}}
,"/Users/faizan.ahmed/Documents/h2s-virtual/src/pages/AskSaarthiPage.jsx": {"path":"/Users/faizan.ahmed/Documents/h2s-virtual/src/pages/AskSaarthiPage.jsx","statementMap":{"0":{"start":{"line":17,"column":6},"end":{"line":189,"column":null}},"1":{"start":{"line":18,"column":19},"end":{"line":23,"column":4}},"2":{"start":{"line":24,"column":16},"end":{"line":24,"column":40}},"3":{"start":{"line":25,"column":18},"end":{"line":25,"column":47}},"4":{"start":{"line":26,"column":29},"end":{"line":26,"column":66}},"5":{"start":{"line":27,"column":8},"end":{"line":27,"column":37}},"6":{"start":{"line":28,"column":8},"end":{"line":28,"column":37}},"7":{"start":{"line":31,"column":2},"end":{"line":45,"column":null}},"8":{"start":{"line":32,"column":27},"end":{"line":41,"column":null}},"9":{"start":{"line":33,"column":6},"end":{"line":41,"column":null}},"10":{"start":{"line":36,"column":26},"end":{"line":36,"column":91}},"11":{"start":{"line":37,"column":8},"end":{"line":38,"column":null}},"12":{"start":{"line":38,"column":11},"end":{"line":38,"column":null}},"13":{"start":{"line":41,"column":8},"end":{"line":41,"column":null}},"14":{"start":{"line":44,"column":4},"end":{"line":44,"column":null}},"15":{"start":{"line":48,"column":2},"end":{"line":50,"column":null}},"16":{"start":{"line":49,"column":4},"end":{"line":49,"column":null}},"17":{"start":{"line":53,"column":2},"end":{"line":55,"column":null}},"18":{"start":{"line":54,"column":4},"end":{"line":54,"column":null}},"19":{"start":{"line":60,"column":25},"end":{"line":77,"column":null}},"20":{"start":{"line":61,"column":16},"end":{"line":61,"column":null}},"21":{"start":{"line":62,"column":4},"end":{"line":62,"column":null}},"22":{"start":{"line":62,"column":27},"end":{"line":62,"column":null}},"23":{"start":{"line":65,"column":4},"end":{"line":69,"column":null}},"24":{"start":{"line":66,"column":22},"end":{"line":66,"column":31}},"25":{"start":{"line":67,"column":6},"end":{"line":67,"column":null}},"26":{"start":{"line":68,"column":6},"end":{"line":68,"column":null}},"27":{"start":{"line":72,"column":4},"end":{"line":76,"column":null}},"28":{"start":{"line":77,"column":4},"end":{"line":77,"column":null}},"29":{"start":{"line":84,"column":21},"end":{"line":108,"column":null}},"30":{"start":{"line":85,"column":16},"end":{"line":85,"column":36}},"31":{"start":{"line":86,"column":4},"end":{"line":86,"column":null}},"32":{"start":{"line":86,"column":25},"end":{"line":86,"column":null}},"33":{"start":{"line":88,"column":20},"end":{"line":88,"column":null}},"34":{"start":{"line":89,"column":4},"end":{"line":89,"column":null}},"35":{"start":{"line":89,"column":26},"end":{"line":89,"column":44}},"36":{"start":{"line":90,"column":4},"end":{"line":90,"column":null}},"37":{"start":{"line":91,"column":4},"end":{"line":91,"column":null}},"38":{"start":{"line":92,"column":4},"end":{"line":92,"column":null}},"39":{"start":{"line":94,"column":4},"end":{"line":108,"column":null}},"40":{"start":{"line":95,"column":22},"end":{"line":95,"column":65}},"41":{"start":{"line":95,"column":45},"end":{"line":95,"column":65}},"42":{"start":{"line":96,"column":20},"end":{"line":96,"column":55}},"43":{"start":{"line":97,"column":6},"end":{"line":97,"column":null}},"44":{"start":{"line":97,"column":28},"end":{"line":97,"column":73}},"45":{"start":{"line":98,"column":6},"end":{"line":98,"column":null}},"46":{"start":{"line":100,"column":22},"end":{"line":100,"column":84}},"47":{"start":{"line":101,"column":27},"end":{"line":103,"column":null}},"48":{"start":{"line":105,"column":6},"end":{"line":105,"column":null}},"49":{"start":{"line":105,"column":28},"end":{"line":105,"column":80}},"50":{"start":{"line":106,"column":6},"end":{"line":106,"column":null}},"51":{"start":{"line":108,"column":6},"end":{"line":108,"column":null}},"52":{"start":{"line":116,"column":8},"end":{"line":118,"column":null}},"53":{"start":{"line":117,"column":4},"end":{"line":117,"column":null}},"54":{"start":{"line":118,"column":4},"end":{"line":118,"column":null}},"55":{"start":{"line":121,"column":2},"end":{"line":189,"column":null}},"56":{"start":{"line":139,"column":10},"end":{"line":144,"column":null}},"57":{"start":{"line":143,"column":39},"end":{"line":143,"column":null}},"58":{"start":{"line":158,"column":16},"end":{"line":160,"column":null}},"59":{"start":{"line":158,"column":85},"end":{"line":158,"column":98}},"60":{"start":{"line":166,"column":14},"end":{"line":168,"column":null}},"61":{"start":{"line":166,"column":73},"end":{"line":166,"column":86}},"62":{"start":{"line":182,"column":27},"end":{"line":182,"column":51}}},"fnMap":{"0":{"name":"(anonymous_0)","decl":{"start":{"line":17,"column":6},"end":{"line":17,"column":29}},"loc":{"start":{"line":17,"column":29},"end":{"line":189,"column":null}},"line":17},"1":{"name":"(anonymous_1)","decl":{"start":{"line":31,"column":2},"end":{"line":31,"column":18}},"loc":{"start":{"line":31,"column":18},"end":{"line":45,"column":7}},"line":31},"2":{"name":"(anonymous_2)","decl":{"start":{"line":32,"column":27},"end":{"line":32,"column":39}},"loc":{"start":{"line":32,"column":39},"end":{"line":41,"column":null}},"line":32},"3":{"name":"(anonymous_3)","decl":{"start":{"line":48,"column":2},"end":{"line":48,"column":18}},"loc":{"start":{"line":48,"column":18},"end":{"line":50,"column":6}},"line":48},"4":{"name":"(anonymous_4)","decl":{"start":{"line":53,"column":2},"end":{"line":53,"column":18}},"loc":{"start":{"line":53,"column":18},"end":{"line":55,"column":7}},"line":53},"5":{"name":"(anonymous_5)","decl":{"start":{"line":60,"column":25},"end":{"line":60,"column":32}},"loc":{"start":{"line":60,"column":60},"end":{"line":77,"column":null}},"line":60},"6":{"name":"(anonymous_6)","decl":{"start":{"line":65,"column":4},"end":{"line":65,"column":17}},"loc":{"start":{"line":65,"column":26},"end":{"line":69,"column":null}},"line":65},"7":{"name":"(anonymous_7)","decl":{"start":{"line":84,"column":21},"end":{"line":84,"column":28}},"loc":{"start":{"line":84,"column":37},"end":{"line":108,"column":null}},"line":84},"8":{"name":"(anonymous_8)","decl":{"start":{"line":89,"column":4},"end":{"line":89,"column":17}},"loc":{"start":{"line":89,"column":26},"end":{"line":89,"column":44}},"line":89},"9":{"name":"(anonymous_9)","decl":{"start":{"line":95,"column":31},"end":{"line":95,"column":39}},"loc":{"start":{"line":95,"column":45},"end":{"line":95,"column":65}},"line":95},"10":{"name":"(anonymous_10)","decl":{"start":{"line":97,"column":6},"end":{"line":97,"column":19}},"loc":{"start":{"line":97,"column":28},"end":{"line":97,"column":73}},"line":97},"11":{"name":"(anonymous_11)","decl":{"start":{"line":105,"column":6},"end":{"line":105,"column":19}},"loc":{"start":{"line":105,"column":28},"end":{"line":105,"column":80}},"line":105},"12":{"name":"(anonymous_12)","decl":{"start":{"line":116,"column":8},"end":{"line":116,"column":24}},"loc":{"start":{"line":116,"column":30},"end":{"line":118,"column":null}},"line":116},"13":{"name":"(anonymous_13)","decl":{"start":{"line":138,"column":18},"end":{"line":138,"column":23}},"loc":{"start":{"line":139,"column":10},"end":{"line":144,"column":null}},"line":139},"14":{"name":"(anonymous_14)","decl":{"start":{"line":143,"column":12},"end":{"line":143,"column":25}},"loc":{"start":{"line":143,"column":39},"end":{"line":143,"column":null}},"line":143},"15":{"name":"(anonymous_15)","decl":{"start":{"line":157,"column":34},"end":{"line":157,"column":39}},"loc":{"start":{"line":158,"column":16},"end":{"line":160,"column":null}},"line":158},"16":{"name":"(anonymous_16)","decl":{"start":{"line":158,"column":70},"end":{"line":158,"column":85}},"loc":{"start":{"line":158,"column":85},"end":{"line":158,"column":98}},"line":158},"17":{"name":"(anonymous_17)","decl":{"start":{"line":165,"column":30},"end":{"line":165,"column":35}},"loc":{"start":{"line":166,"column":14},"end":{"line":168,"column":null}},"line":166},"18":{"name":"(anonymous_18)","decl":{"start":{"line":166,"column":58},"end":{"line":166,"column":73}},"loc":{"start":{"line":166,"column":73},"end":{"line":166,"column":86}},"line":166},"19":{"name":"(anonymous_19)","decl":{"start":{"line":182,"column":10},"end":{"line":182,"column":21}},"loc":{"start":{"line":182,"column":27},"end":{"line":182,"column":51}},"line":182}},"branchMap":{"0":{"loc":{"start":{"line":37,"column":8},"end":{"line":38,"column":null}},"type":"if","locations":[{"start":{"line":37,"column":8},"end":{"line":38,"column":null}},{"start":{},"end":{}}],"line":37},"1":{"loc":{"start":{"line":62,"column":4},"end":{"line":62,"column":null}},"type":"if","locations":[{"start":{"line":62,"column":4},"end":{"line":62,"column":null}},{"start":{},"end":{}}],"line":62},"2":{"loc":{"start":{"line":73,"column":16},"end":{"line":73,"column":null}},"type":"binary-expr","locations":[{"start":{"line":73,"column":16},"end":{"line":73,"column":52}},{"start":{"line":73,"column":52},"end":{"line":73,"column":null}}],"line":73},"3":{"loc":{"start":{"line":85,"column":16},"end":{"line":85,"column":36}},"type":"binary-expr","locations":[{"start":{"line":85,"column":16},"end":{"line":85,"column":24}},{"start":{"line":85,"column":24},"end":{"line":85,"column":36}}],"line":85},"4":{"loc":{"start":{"line":86,"column":4},"end":{"line":86,"column":null}},"type":"if","locations":[{"start":{"line":86,"column":4},"end":{"line":86,"column":null}},{"start":{},"end":{}}],"line":86},"5":{"loc":{"start":{"line":86,"column":8},"end":{"line":86,"column":25}},"type":"binary-expr","locations":[{"start":{"line":86,"column":8},"end":{"line":86,"column":16}},{"start":{"line":86,"column":16},"end":{"line":86,"column":25}}],"line":86},"6":{"loc":{"start":{"line":100,"column":22},"end":{"line":100,"column":84}},"type":"binary-expr","locations":[{"start":{"line":100,"column":22},"end":{"line":100,"column":50}},{"start":{"line":100,"column":54},"end":{"line":100,"column":84}}],"line":100},"7":{"loc":{"start":{"line":101,"column":27},"end":{"line":103,"column":null}},"type":"cond-expr","locations":[{"start":{"line":102,"column":10},"end":{"line":102,"column":null}},{"start":{"line":103,"column":10},"end":{"line":103,"column":null}}],"line":101},"8":{"loc":{"start":{"line":130,"column":7},"end":{"line":133,"column":null}},"type":"binary-expr","locations":[{"start":{"line":130,"column":7},"end":{"line":130,"column":null}},{"start":{"line":131,"column":8},"end":{"line":133,"column":null}}],"line":130},"9":{"loc":{"start":{"line":146,"column":9},"end":{"line":146,"column":null}},"type":"binary-expr","locations":[{"start":{"line":146,"column":9},"end":{"line":146,"column":20}},{"start":{"line":146,"column":20},"end":{"line":146,"column":null}}],"line":146},"10":{"loc":{"start":{"line":150,"column":7},"end":{"line":171,"column":null}},"type":"binary-expr","locations":[{"start":{"line":150,"column":7},"end":{"line":150,"column":null}},{"start":{"line":151,"column":8},"end":{"line":171,"column":null}}],"line":150},"11":{"loc":{"start":{"line":152,"column":11},"end":{"line":164,"column":11}},"type":"binary-expr","locations":[{"start":{"line":152,"column":11},"end":{"line":152,"column":null}},{"start":{"line":153,"column":12},"end":{"line":164,"column":11}}],"line":152},"12":{"loc":{"start":{"line":187,"column":62},"end":{"line":187,"column":86}},"type":"binary-expr","locations":[{"start":{"line":187,"column":62},"end":{"line":187,"column":73}},{"start":{"line":187,"column":73},"end":{"line":187,"column":86}}],"line":187}},"s":{"0":1,"1":17,"2":17,"3":17,"4":17,"5":17,"6":17,"7":17,"8":5,"9":5,"10":5,"11":5,"12":5,"13":0,"14":5,"15":17,"16":14,"17":17,"18":5,"19":17,"20":1,"21":1,"22":0,"23":1,"24":1,"25":1,"26":1,"27":1,"28":1,"29":17,"30":4,"31":4,"32":0,"33":4,"34":4,"35":4,"36":4,"37":4,"38":4,"39":4,"40":4,"41":4,"42":4,"43":3,"44":3,"45":3,"46":1,"47":1,"48":1,"49":1,"50":1,"51":4,"52":17,"53":3,"54":3,"55":17,"56":31,"57":1,"58":0,"59":0,"60":64,"61":1,"62":3},"f":{"0":17,"1":5,"2":5,"3":14,"4":5,"5":1,"6":1,"7":4,"8":4,"9":4,"10":3,"11":1,"12":3,"13":31,"14":1,"15":0,"16":0,"17":64,"18":1,"19":3},"b":{"0":[5,0],"1":[0,1],"2":[1,0],"3":[4,3],"4":[0,4],"5":[4,4],"6":[1,1],"7":[0,1],"8":[17,0],"9":[17,4],"10":[17,8],"11":[8,0],"12":[17,13]},"meta":{"lastBranch":13,"lastFunction":20,"lastStatement":63,"seen":{"s:17:6:189:Infinity":0,"f:17:6:17:29":0,"s:18:19:23:4":1,"s:24:16:24:40":2,"s:25:18:25:47":3,"s:26:29:26:66":4,"s:27:8:27:37":5,"s:28:8:28:37":6,"s:31:2:45:Infinity":7,"f:31:2:31:18":1,"s:32:27:41:Infinity":8,"f:32:27:32:39":2,"s:33:6:41:Infinity":9,"s:36:26:36:91":10,"b:37:8:38:Infinity:undefined:undefined:undefined:undefined":0,"s:37:8:38:Infinity":11,"s:38:11:38:Infinity":12,"s:41:8:41:Infinity":13,"s:44:4:44:Infinity":14,"s:48:2:50:Infinity":15,"f:48:2:48:18":3,"s:49:4:49:Infinity":16,"s:53:2:55:Infinity":17,"f:53:2:53:18":4,"s:54:4:54:Infinity":18,"s:60:25:77:Infinity":19,"f:60:25:60:32":5,"s:61:16:61:Infinity":20,"b:62:4:62:Infinity:undefined:undefined:undefined:undefined":1,"s:62:4:62:Infinity":21,"s:62:27:62:Infinity":22,"s:65:4:69:Infinity":23,"f:65:4:65:17":6,"s:66:22:66:31":24,"s:67:6:67:Infinity":25,"s:68:6:68:Infinity":26,"s:72:4:76:Infinity":27,"b:73:16:73:52:73:52:73:Infinity":2,"s:77:4:77:Infinity":28,"s:84:21:108:Infinity":29,"f:84:21:84:28":7,"s:85:16:85:36":30,"b:85:16:85:24:85:24:85:36":3,"b:86:4:86:Infinity:undefined:undefined:undefined:undefined":4,"s:86:4:86:Infinity":31,"b:86:8:86:16:86:16:86:25":5,"s:86:25:86:Infinity":32,"s:88:20:88:Infinity":33,"s:89:4:89:Infinity":34,"f:89:4:89:17":8,"s:89:26:89:44":35,"s:90:4:90:Infinity":36,"s:91:4:91:Infinity":37,"s:92:4:92:Infinity":38,"s:94:4:108:Infinity":39,"s:95:22:95:65":40,"f:95:31:95:39":9,"s:95:45:95:65":41,"s:96:20:96:55":42,"s:97:6:97:Infinity":43,"f:97:6:97:19":10,"s:97:28:97:73":44,"s:98:6:98:Infinity":45,"s:100:22:100:84":46,"b:100:22:100:50:100:54:100:84":6,"s:101:27:103:Infinity":47,"b:102:10:102:Infinity:103:10:103:Infinity":7,"s:105:6:105:Infinity":48,"f:105:6:105:19":11,"s:105:28:105:80":49,"s:106:6:106:Infinity":50,"s:108:6:108:Infinity":51,"s:116:8:118:Infinity":52,"f:116:8:116:24":12,"s:117:4:117:Infinity":53,"s:118:4:118:Infinity":54,"s:121:2:189:Infinity":55,"b:130:7:130:Infinity:131:8:133:Infinity":8,"f:138:18:138:23":13,"s:139:10:144:Infinity":56,"f:143:12:143:25":14,"s:143:39:143:Infinity":57,"b:146:9:146:20:146:20:146:Infinity":9,"b:150:7:150:Infinity:151:8:171:Infinity":10,"b:152:11:152:Infinity:153:12:164:11":11,"f:157:34:157:39":15,"s:158:16:160:Infinity":58,"f:158:70:158:85":16,"s:158:85:158:98":59,"f:165:30:165:35":17,"s:166:14:168:Infinity":60,"f:166:58:166:73":18,"s:166:73:166:86":61,"f:182:10:182:21":19,"s:182:27:182:51":62,"b:187:62:187:73:187:73:187:86":12}}}
,"/Users/faizan.ahmed/Documents/h2s-virtual/src/pages/EVMSimulatorPage.jsx": {"path":"/Users/faizan.ahmed/Documents/h2s-virtual/src/pages/EVMSimulatorPage.jsx","statementMap":{"0":{"start":{"line":15,"column":6},"end":{"line":127,"column":null}},"1":{"start":{"line":16,"column":19},"end":{"line":16,"column":48}},"2":{"start":{"line":17,"column":21},"end":{"line":17,"column":53}},"3":{"start":{"line":18,"column":19},"end":{"line":18,"column":48}},"4":{"start":{"line":19,"column":10},"end":{"line":19,"column":33}},"5":{"start":{"line":26,"column":8},"end":{"line":40,"column":null}},"6":{"start":{"line":28,"column":4},"end":{"line":28,"column":null}},"7":{"start":{"line":28,"column":27},"end":{"line":28,"column":null}},"8":{"start":{"line":30,"column":4},"end":{"line":30,"column":null}},"9":{"start":{"line":31,"column":4},"end":{"line":31,"column":null}},"10":{"start":{"line":32,"column":4},"end":{"line":32,"column":null}},"11":{"start":{"line":35,"column":4},"end":{"line":35,"column":null}},"12":{"start":{"line":38,"column":4},"end":{"line":40,"column":null}},"13":{"start":{"line":39,"column":6},"end":{"line":39,"column":null}},"14":{"start":{"line":46,"column":8},"end":{"line":49,"column":null}},"15":{"start":{"line":47,"column":4},"end":{"line":47,"column":null}},"16":{"start":{"line":48,"column":4},"end":{"line":48,"column":null}},"17":{"start":{"line":49,"column":4},"end":{"line":49,"column":null}},"18":{"start":{"line":52,"column":2},"end":{"line":127,"column":null}},"19":{"start":{"line":68,"column":14},"end":{"line":91,"column":null}},"20":{"start":{"line":85,"column":35},"end":{"line":85,"column":48}}},"fnMap":{"0":{"name":"(anonymous_0)","decl":{"start":{"line":15,"column":6},"end":{"line":15,"column":31}},"loc":{"start":{"line":15,"column":31},"end":{"line":127,"column":null}},"line":15},"1":{"name":"(anonymous_1)","decl":{"start":{"line":26,"column":8},"end":{"line":26,"column":22}},"loc":{"start":{"line":26,"column":36},"end":{"line":40,"column":null}},"line":26},"2":{"name":"(anonymous_2)","decl":{"start":{"line":38,"column":4},"end":{"line":38,"column":21}},"loc":{"start":{"line":38,"column":21},"end":{"line":40,"column":24}},"line":38},"3":{"name":"(anonymous_3)","decl":{"start":{"line":46,"column":8},"end":{"line":46,"column":31}},"loc":{"start":{"line":46,"column":31},"end":{"line":49,"column":null}},"line":46},"4":{"name":"(anonymous_4)","decl":{"start":{"line":67,"column":28},"end":{"line":67,"column":33}},"loc":{"start":{"line":68,"column":14},"end":{"line":91,"column":null}},"line":68},"5":{"name":"(anonymous_5)","decl":{"start":{"line":85,"column":20},"end":{"line":85,"column":35}},"loc":{"start":{"line":85,"column":35},"end":{"line":85,"column":48}},"line":85}},"branchMap":{"0":{"loc":{"start":{"line":28,"column":4},"end":{"line":28,"column":null}},"type":"if","locations":[{"start":{"line":28,"column":4},"end":{"line":28,"column":null}},{"start":{},"end":{}}],"line":28},"1":{"loc":{"start":{"line":80,"column":44},"end":{"line":80,"column":null}},"type":"cond-expr","locations":[{"start":{"line":80,"column":64},"end":{"line":80,"column":75}},{"start":{"line":80,"column":75},"end":{"line":80,"column":null}}],"line":80},"2":{"loc":{"start":{"line":100,"column":13},"end":{"line":110,"column":null}},"type":"binary-expr","locations":[{"start":{"line":100,"column":13},"end":{"line":100,"column":null}},{"start":{"line":101,"column":14},"end":{"line":110,"column":null}}],"line":100},"3":{"loc":{"start":{"line":102,"column":41},"end":{"line":102,"column":null}},"type":"cond-expr","locations":[{"start":{"line":102,"column":54},"end":{"line":102,"column":67}},{"start":{"line":102,"column":67},"end":{"line":102,"column":null}}],"line":102},"4":{"loc":{"start":{"line":103,"column":34},"end":{"line":103,"column":64}},"type":"cond-expr","locations":[{"start":{"line":103,"column":47},"end":{"line":103,"column":56}},{"start":{"line":103,"column":56},"end":{"line":103,"column":64}}],"line":103},"5":{"loc":{"start":{"line":117,"column":7},"end":{"line":127,"column":null}},"type":"binary-expr","locations":[{"start":{"line":117,"column":7},"end":{"line":117,"column":19}},{"start":{"line":117,"column":19},"end":{"line":117,"column":null}},{"start":{"line":118,"column":8},"end":{"line":127,"column":null}}],"line":117}},"s":{"0":1,"1":10,"2":10,"3":10,"4":10,"5":10,"6":3,"7":0,"8":3,"9":3,"10":3,"11":3,"12":3,"13":2,"14":10,"15":1,"16":1,"17":1,"18":10,"19":40,"20":3},"f":{"0":10,"1":3,"2":2,"3":1,"4":40,"5":3},"b":{"0":[0,3],"1":[5,35],"2":[10,5],"3":[3,2],"4":[3,2],"5":[10,5,2]},"meta":{"lastBranch":6,"lastFunction":6,"lastStatement":21,"seen":{"s:15:6:127:Infinity":0,"f:15:6:15:31":0,"s:16:19:16:48":1,"s:17:21:17:53":2,"s:18:19:18:48":3,"s:19:10:19:33":4,"s:26:8:40:Infinity":5,"f:26:8:26:22":1,"b:28:4:28:Infinity:undefined:undefined:undefined:undefined":0,"s:28:4:28:Infinity":6,"s:28:27:28:Infinity":7,"s:30:4:30:Infinity":8,"s:31:4:31:Infinity":9,"s:32:4:32:Infinity":10,"s:35:4:35:Infinity":11,"s:38:4:40:Infinity":12,"f:38:4:38:21":2,"s:39:6:39:Infinity":13,"s:46:8:49:Infinity":14,"f:46:8:46:31":3,"s:47:4:47:Infinity":15,"s:48:4:48:Infinity":16,"s:49:4:49:Infinity":17,"s:52:2:127:Infinity":18,"f:67:28:67:33":4,"s:68:14:91:Infinity":19,"b:80:64:80:75:80:75:80:Infinity":1,"f:85:20:85:35":5,"s:85:35:85:48":20,"b:100:13:100:Infinity:101:14:110:Infinity":2,"b:102:54:102:67:102:67:102:Infinity":3,"b:103:47:103:56:103:56:103:64":4,"b:117:7:117:19:117:19:117:Infinity:118:8:127:Infinity":5}}}
,"/Users/faizan.ahmed/Documents/h2s-virtual/src/pages/HomePage.jsx": {"path":"/Users/faizan.ahmed/Documents/h2s-virtual/src/pages/HomePage.jsx","statementMap":{"0":{"start":{"line":14,"column":6},"end":{"line":92,"column":null}},"1":{"start":{"line":15,"column":2},"end":{"line":92,"column":null}},"2":{"start":{"line":43,"column":10},"end":{"line":46,"column":null}}},"fnMap":{"0":{"name":"(anonymous_0)","decl":{"start":{"line":14,"column":6},"end":{"line":14,"column":23}},"loc":{"start":{"line":14,"column":23},"end":{"line":92,"column":null}},"line":14},"1":{"name":"(anonymous_1)","decl":{"start":{"line":42,"column":24},"end":{"line":42,"column":29}},"loc":{"start":{"line":43,"column":10},"end":{"line":46,"column":null}},"line":43}},"branchMap":{},"s":{"0":1,"1":1,"2":4},"f":{"0":1,"1":4},"b":{},"meta":{"lastBranch":0,"lastFunction":2,"lastStatement":3,"seen":{"s:14:6:92:Infinity":0,"f:14:6:14:23":0,"s:15:2:92:Infinity":1,"f:42:24:42:29":1,"s:43:10:46:Infinity":2}}}
,"/Users/faizan.ahmed/Documents/h2s-virtual/src/pages/MCCCheckerPage.jsx": {"path":"/Users/faizan.ahmed/Documents/h2s-virtual/src/pages/MCCCheckerPage.jsx","statementMap":{"0":{"start":{"line":16,"column":6},"end":{"line":196,"column":null}},"1":{"start":{"line":17,"column":19},"end":{"line":17,"column":46}},"2":{"start":{"line":18,"column":17},"end":{"line":18,"column":44}},"3":{"start":{"line":19,"column":18},"end":{"line":19,"column":47}},"4":{"start":{"line":20,"column":8},"end":{"line":20,"column":37}},"5":{"start":{"line":23,"column":2},"end":{"line":25,"column":null}},"6":{"start":{"line":24,"column":4},"end":{"line":24,"column":null}},"7":{"start":{"line":30,"column":22},"end":{"line":52,"column":null}},"8":{"start":{"line":31,"column":4},"end":{"line":31,"column":null}},"9":{"start":{"line":31,"column":37},"end":{"line":31,"column":null}},"10":{"start":{"line":32,"column":4},"end":{"line":32,"column":null}},"11":{"start":{"line":33,"column":4},"end":{"line":33,"column":null}},"12":{"start":{"line":34,"column":4},"end":{"line":34,"column":null}},"13":{"start":{"line":36,"column":4},"end":{"line":52,"column":null}},"14":{"start":{"line":37,"column":18},"end":{"line":37,"column":51}},"15":{"start":{"line":38,"column":6},"end":{"line":38,"column":null}},"16":{"start":{"line":39,"column":6},"end":{"line":39,"column":null}},"17":{"start":{"line":42,"column":6},"end":{"line":47,"column":null}},"18":{"start":{"line":49,"column":6},"end":{"line":49,"column":null}},"19":{"start":{"line":50,"column":6},"end":{"line":50,"column":null}},"20":{"start":{"line":52,"column":6},"end":{"line":52,"column":null}},"21":{"start":{"line":62,"column":8},"end":{"line":67,"column":null}},"22":{"start":{"line":63,"column":4},"end":{"line":63,"column":null}},"23":{"start":{"line":63,"column":16},"end":{"line":63,"column":null}},"24":{"start":{"line":64,"column":4},"end":{"line":67,"column":null}},"25":{"start":{"line":72,"column":2},"end":{"line":196,"column":null}},"26":{"start":{"line":97,"column":27},"end":{"line":97,"column":54}},"27":{"start":{"line":133,"column":12},"end":{"line":143,"column":null}},"28":{"start":{"line":137,"column":16},"end":{"line":137,"column":null}},"29":{"start":{"line":138,"column":16},"end":{"line":138,"column":null}}},"fnMap":{"0":{"name":"(anonymous_0)","decl":{"start":{"line":16,"column":6},"end":{"line":16,"column":29}},"loc":{"start":{"line":16,"column":29},"end":{"line":196,"column":null}},"line":16},"1":{"name":"(anonymous_1)","decl":{"start":{"line":23,"column":2},"end":{"line":23,"column":18}},"loc":{"start":{"line":23,"column":18},"end":{"line":25,"column":7}},"line":23},"2":{"name":"(anonymous_2)","decl":{"start":{"line":30,"column":22},"end":{"line":30,"column":34}},"loc":{"start":{"line":30,"column":34},"end":{"line":52,"column":null}},"line":30},"3":{"name":"(anonymous_3)","decl":{"start":{"line":62,"column":8},"end":{"line":62,"column":24}},"loc":{"start":{"line":62,"column":41},"end":{"line":67,"column":null}},"line":62},"4":{"name":"(anonymous_4)","decl":{"start":{"line":97,"column":10},"end":{"line":97,"column":21}},"loc":{"start":{"line":97,"column":27},"end":{"line":97,"column":54}},"line":97},"5":{"name":"(anonymous_5)","decl":{"start":{"line":132,"column":24},"end":{"line":132,"column":29}},"loc":{"start":{"line":133,"column":12},"end":{"line":143,"column":null}},"line":133},"6":{"name":"(anonymous_6)","decl":{"start":{"line":136,"column":14},"end":{"line":136,"column":29}},"loc":{"start":{"line":136,"column":29},"end":{"line":138,"column":null}},"line":136}},"branchMap":{"0":{"loc":{"start":{"line":31,"column":4},"end":{"line":31,"column":null}},"type":"if","locations":[{"start":{"line":31,"column":4},"end":{"line":31,"column":null}},{"start":{},"end":{}}],"line":31},"1":{"loc":{"start":{"line":31,"column":8},"end":{"line":31,"column":37}},"type":"binary-expr","locations":[{"start":{"line":31,"column":8},"end":{"line":31,"column":24}},{"start":{"line":31,"column":28},"end":{"line":31,"column":37}}],"line":31},"2":{"loc":{"start":{"line":63,"column":4},"end":{"line":63,"column":null}},"type":"if","locations":[{"start":{"line":63,"column":4},"end":{"line":63,"column":null}},{"start":{},"end":{}}],"line":63},"3":{"loc":{"start":{"line":82,"column":7},"end":{"line":85,"column":null}},"type":"binary-expr","locations":[{"start":{"line":82,"column":7},"end":{"line":82,"column":null}},{"start":{"line":83,"column":8},"end":{"line":85,"column":null}}],"line":82},"4":{"loc":{"start":{"line":114,"column":22},"end":{"line":114,"column":49}},"type":"binary-expr","locations":[{"start":{"line":114,"column":22},"end":{"line":114,"column":33}},{"start":{"line":114,"column":33},"end":{"line":114,"column":49}}],"line":114},"5":{"loc":{"start":{"line":117,"column":13},"end":{"line":123,"column":null}},"type":"cond-expr","locations":[{"start":{"line":118,"column":14},"end":{"line":121,"column":null}},{"start":{"line":123,"column":14},"end":{"line":123,"column":null}}],"line":117},"6":{"loc":{"start":{"line":148,"column":7},"end":{"line":182,"column":null}},"type":"binary-expr","locations":[{"start":{"line":148,"column":7},"end":{"line":148,"column":17}},{"start":{"line":148,"column":17},"end":{"line":148,"column":null}},{"start":{"line":149,"column":8},"end":{"line":182,"column":null}}],"line":148},"7":{"loc":{"start":{"line":150,"column":35},"end":{"line":150,"column":null}},"type":"cond-expr","locations":[{"start":{"line":150,"column":57},"end":{"line":150,"column":71}},{"start":{"line":150,"column":71},"end":{"line":150,"column":null}}],"line":150},"8":{"loc":{"start":{"line":156,"column":21},"end":{"line":156,"column":null}},"type":"cond-expr","locations":[{"start":{"line":156,"column":43},"end":{"line":156,"column":58}},{"start":{"line":156,"column":58},"end":{"line":156,"column":null}}],"line":156},"9":{"loc":{"start":{"line":162,"column":13},"end":{"line":162,"column":null}},"type":"cond-expr","locations":[{"start":{"line":162,"column":35},"end":{"line":162,"column":65}},{"start":{"line":162,"column":65},"end":{"line":162,"column":null}}],"line":162},"10":{"loc":{"start":{"line":163,"column":13},"end":{"line":173,"column":null}},"type":"binary-expr","locations":[{"start":{"line":163,"column":13},"end":{"line":163,"column":null}},{"start":{"line":164,"column":14},"end":{"line":173,"column":null}}],"line":163},"11":{"loc":{"start":{"line":186,"column":7},"end":{"line":196,"column":null}},"type":"binary-expr","locations":[{"start":{"line":186,"column":7},"end":{"line":186,"column":null}},{"start":{"line":187,"column":8},"end":{"line":196,"column":null}}],"line":186}},"s":{"0":1,"1":12,"2":12,"3":12,"4":12,"5":12,"6":5,"7":12,"8":2,"9":0,"10":2,"11":2,"12":2,"13":2,"14":2,"15":1,"16":1,"17":1,"18":1,"19":1,"20":2,"21":12,"22":5,"23":3,"24":2,"25":12,"26":2,"27":60,"28":1,"29":1},"f":{"0":12,"1":5,"2":2,"3":5,"4":2,"5":60,"6":1},"b":{"0":[0,2],"1":[2,2],"2":[3,2],"3":[12,0],"4":[12,10],"5":[2,10],"6":[12,2,1],"7":[1,0],"8":[1,0],"9":[1,0],"10":[1,1],"11":[12,1]},"meta":{"lastBranch":12,"lastFunction":7,"lastStatement":30,"seen":{"s:16:6:196:Infinity":0,"f:16:6:16:29":0,"s:17:19:17:46":1,"s:18:17:18:44":2,"s:19:18:19:47":3,"s:20:8:20:37":4,"s:23:2:25:Infinity":5,"f:23:2:23:18":1,"s:24:4:24:Infinity":6,"s:30:22:52:Infinity":7,"f:30:22:30:34":2,"b:31:4:31:Infinity:undefined:undefined:undefined:undefined":0,"s:31:4:31:Infinity":8,"b:31:8:31:24:31:28:31:37":1,"s:31:37:31:Infinity":9,"s:32:4:32:Infinity":10,"s:33:4:33:Infinity":11,"s:34:4:34:Infinity":12,"s:36:4:52:Infinity":13,"s:37:18:37:51":14,"s:38:6:38:Infinity":15,"s:39:6:39:Infinity":16,"s:42:6:47:Infinity":17,"s:49:6:49:Infinity":18,"s:50:6:50:Infinity":19,"s:52:6:52:Infinity":20,"s:62:8:67:Infinity":21,"f:62:8:62:24":3,"b:63:4:63:Infinity:undefined:undefined:undefined:undefined":2,"s:63:4:63:Infinity":22,"s:63:16:63:Infinity":23,"s:64:4:67:Infinity":24,"s:72:2:196:Infinity":25,"b:82:7:82:Infinity:83:8:85:Infinity":3,"f:97:10:97:21":4,"s:97:27:97:54":26,"b:114:22:114:33:114:33:114:49":4,"b:118:14:121:Infinity:123:14:123:Infinity":5,"f:132:24:132:29":5,"s:133:12:143:Infinity":27,"f:136:14:136:29":6,"s:137:16:137:Infinity":28,"s:138:16:138:Infinity":29,"b:148:7:148:17:148:17:148:Infinity:149:8:182:Infinity":6,"b:150:57:150:71:150:71:150:Infinity":7,"b:156:43:156:58:156:58:156:Infinity":8,"b:162:35:162:65:162:65:162:Infinity":9,"b:163:13:163:Infinity:164:14:173:Infinity":10,"b:186:7:186:Infinity:187:8:196:Infinity":11}}}
,"/Users/faizan.ahmed/Documents/h2s-virtual/src/pages/MythBusterPage.jsx": {"path":"/Users/faizan.ahmed/Documents/h2s-virtual/src/pages/MythBusterPage.jsx","statementMap":{"0":{"start":{"line":14,"column":6},"end":{"line":68,"column":null}},"1":{"start":{"line":16,"column":19},"end":{"line":16,"column":46}},"2":{"start":{"line":22,"column":8},"end":{"line":23,"column":null}},"3":{"start":{"line":23,"column":4},"end":{"line":23,"column":null}},"4":{"start":{"line":23,"column":27},"end":{"line":23,"column":63}},"5":{"start":{"line":26,"column":2},"end":{"line":68,"column":null}},"6":{"start":{"line":38,"column":29},"end":{"line":38,"column":null}},"7":{"start":{"line":40,"column":10},"end":{"line":65,"column":null}},"8":{"start":{"line":45,"column":31},"end":{"line":45,"column":40}}},"fnMap":{"0":{"name":"(anonymous_0)","decl":{"start":{"line":14,"column":6},"end":{"line":14,"column":29}},"loc":{"start":{"line":14,"column":29},"end":{"line":68,"column":null}},"line":14},"1":{"name":"(anonymous_1)","decl":{"start":{"line":22,"column":8},"end":{"line":22,"column":18}},"loc":{"start":{"line":22,"column":28},"end":{"line":23,"column":null}},"line":22},"2":{"name":"(anonymous_2)","decl":{"start":{"line":23,"column":4},"end":{"line":23,"column":17}},"loc":{"start":{"line":23,"column":27},"end":{"line":23,"column":63}},"line":23},"3":{"name":"(anonymous_3)","decl":{"start":{"line":37,"column":24},"end":{"line":37,"column":29}},"loc":{"start":{"line":37,"column":41},"end":{"line":65,"column":null}},"line":37},"4":{"name":"(anonymous_4)","decl":{"start":{"line":45,"column":16},"end":{"line":45,"column":31}},"loc":{"start":{"line":45,"column":31},"end":{"line":45,"column":40}},"line":45}},"branchMap":{"0":{"loc":{"start":{"line":44,"column":51},"end":{"line":44,"column":null}},"type":"cond-expr","locations":[{"start":{"line":44,"column":64},"end":{"line":44,"column":77}},{"start":{"line":44,"column":77},"end":{"line":44,"column":null}}],"line":44},"1":{"loc":{"start":{"line":52,"column":17},"end":{"line":55,"column":null}},"type":"binary-expr","locations":[{"start":{"line":52,"column":17},"end":{"line":52,"column":null}},{"start":{"line":53,"column":18},"end":{"line":55,"column":null}}],"line":52}},"s":{"0":1,"1":5,"2":5,"3":2,"4":2,"5":5,"6":30,"7":30,"8":2},"f":{"0":5,"1":2,"2":2,"3":30,"4":2},"b":{"0":[2,28],"1":[30,28]},"meta":{"lastBranch":2,"lastFunction":5,"lastStatement":9,"seen":{"s:14:6:68:Infinity":0,"f:14:6:14:29":0,"s:16:19:16:46":1,"s:22:8:23:Infinity":2,"f:22:8:22:18":1,"s:23:4:23:Infinity":3,"f:23:4:23:17":2,"s:23:27:23:63":4,"s:26:2:68:Infinity":5,"f:37:24:37:29":3,"s:38:29:38:Infinity":6,"s:40:10:65:Infinity":7,"b:44:64:44:77:44:77:44:Infinity":0,"f:45:16:45:31":4,"s:45:31:45:40":8,"b:52:17:52:Infinity:53:18:55:Infinity":1}}}
}
